#
# A fatal error has been detected by the Java Runtime Environment:
#
#  EXCEPTION_ACCESS_VIOLATION (0xc0000005) at pc=0x000000006712b2e9, pid=2364, tid=7976
#
# JRE version: Java(TM) SE Runtime Environment (9.0+11) (build 9.0.4+11)
# Java VM: Java HotSpot(TM) 64-Bit Server VM (9.0.4+11, mixed mode, tiered, compressed oops, g1 gc, windows-amd64)
# Problematic frame:
# V  [jvm.dll+0x60b2e9]
#
# No core dump will be written. Minidumps are not enabled by default on client versions of Windows
#
# If you would like to submit a bug report, please visit:
#   http://bugreport.java.com/bugreport/crash.jsp
#

---------------  S U M M A R Y ------------

Command Line: -Dcom.sun.management.jmxremote -Dcom.sun.management.jmxremote.port=56751 -Dcom.sun.management.jmxremote.authenticate=false -Dcom.sun.management.jmxremote.ssl=false -Djava.rmi.server.hostname=localhost -Dspring.application.admin.enabled=true -Xverify:none -XX:TieredStopAtLevel=1 -Dfile.encoding=UTF-8 com.projectBoard.demo.ProjectBoardApplication --spring.output.ansi.enabled=always

Host: Intel(R) Core(TM) i5-4210U CPU @ 1.70GHz, 4 cores, 7G,  Windows 8.1 , 64 bit Build 9600 (6.3.9600.19326)
Time: Sat May 11 23:03:52 2019 India Standard Time elapsed time: 1 seconds (0d 0h 0m 1s)

---------------  T H R E A D  ---------------

Current thread (0x000000e580590800):  WatcherThread [stack: 0x000000e5813d0000,0x000000e5814d0000] [id=7976]

Stack: [0x000000e5813d0000,0x000000e5814d0000],  sp=0x000000e5814cf5d0,  free space=1021k
Native frames: (J=compiled Java code, j=interpreted, Vv=VM code, C=native code)
V  [jvm.dll+0x60b2e9]
V  [jvm.dll+0x64833d]
V  [jvm.dll+0x66a936]
V  [jvm.dll+0x586490]
C  [msvcr120.dll+0x24f7f]
C  [msvcr120.dll+0x25126]
C  [KERNEL32.DLL+0x13f2]
C  [ntdll.dll+0x154f4]


siginfo: EXCEPTION_ACCESS_VIOLATION (0xc0000005), reading address 0x0000000400000003


Register to memory mapping:

RIP=0x000000006712b2e9 jvm.dll
RAX=0x000000e580590040 is an unknown value
RBX=0x0000000000000000 is an unknown value
RCX=0x0000000400000003 is an unknown value
RDX=0x0000000000000032 is an unknown value
RSP=0x000000e5814cf5d0 is an unknown value
RBP=0x0000000000000003 is an unknown value
RSI=0x000000e580590110 is an unknown value
RDI=0x0000000000000000 is an unknown value
R8 =0x0000000000000031 is an unknown value
R9 =0x000000e5ff14c200 is an unknown value
R10=0x0000000000000000 is an unknown value
R11=0x0000000000000287 is an unknown value
R12=0x0000000000000000 is an unknown value
R13=0x0000000000000000 is an unknown value
R14=0x0000000000000001 is an unknown value
R15=0x0000000000000000 is an unknown value


Registers:
RAX=0x000000e580590040, RBX=0x0000000000000000, RCX=0x0000000400000003, RDX=0x0000000000000032
RSP=0x000000e5814cf5d0, RBP=0x0000000000000003, RSI=0x000000e580590110, RDI=0x0000000000000000
R8 =0x0000000000000031, R9 =0x000000e5ff14c200, R10=0x0000000000000000, R11=0x0000000000000287
R12=0x0000000000000000, R13=0x0000000000000000, R14=0x0000000000000001, R15=0x0000000000000000
RIP=0x000000006712b2e9, EFLAGS=0x0000000000010202

Top of Stack: (sp=0x000000e5814cf5d0)
0x000000e5814cf5d0:   0000000000000000 000000e580590800
0x000000e5814cf5e0:   000000e5ff156ee0 000000e5814cf950
0x000000e5814cf5f0:   0000000067497b28 000000006716833d
0x000000e5814cf600:   0000000000000001 000000e5dda3e830
0x000000e5814cf610:   0000000000000000 0000000000000000
0x000000e5814cf620:   0000000000000000 0000000000000000
0x000000e5814cf630:   0000000000000001 000000006718a936
0x000000e5814cf640:   000000e5814cf950 000000e5ff156ee0
0x000000e5814cf650:   000000e580590800 0000000000000000
0x000000e5814cf660:   0000000000000000 00007ffebf5354c0
0x000000e5814cf670:   000000000000027f 0000000000000000
0x000000e5814cf680:   0000000000000000 0000ffff00001f80
0x000000e5814cf690:   0000000000000000 0000000000000000
0x000000e5814cf6a0:   000000e5ff156ee0 00000000670a6490
0x000000e5814cf6b0:   00000000000075a3 000000e580590800
0x000000e5814cf6c0:   0000000000000000 0000000000000000 

Instructions: (pc=0x000000006712b2e9)
0x000000006712b2c9:   20 48 8b 35 e7 79 36 00 33 db 48 8b 06 39 18 7e
0x000000006712b2d9:   26 48 89 7c 24 30 8b fb 48 8b 40 18 48 8b 0c 07
0x000000006712b2e9:   48 8b 01 ff 10 48 8b 06 ff c3 48 8d 7f 08 3b 18
0x000000006712b2f9:   7c e6 48 8b 7c 24 30 48 8b 5c 24 38 48 83 c4 20 



---------------  P R O C E S S  ---------------

Java Threads: ( => current thread )
  0x000000e580581800 JavaThread "RMI TCP Accept-0" daemon [_thread_in_native, id=212, stack(0x000000e5812d0000,0x000000e5813d0000)]
  0x000000e580578800 JavaThread "RMI TCP Accept-56751" daemon [_thread_in_native, id=3204, stack(0x000000e5811d0000,0x000000e5812d0000)]
  0x000000e5805a7800 JavaThread "RMI TCP Accept-0" daemon [_thread_in_native, id=8104, stack(0x000000e5ffea0000,0x000000e5fffa0000)]
  0x000000e5ff153000 JavaThread "Service Thread" daemon [_thread_blocked, id=6148, stack(0x000000e5fe9d0000,0x000000e5fead0000)]
  0x000000e5fdebf800 JavaThread "Common-Cleaner" daemon [_thread_blocked, id=8964, stack(0x000000e5fe8c0000,0x000000e5fe9c0000)]
  0x000000e5fdde6000 JavaThread "Sweeper thread" daemon [_thread_blocked, id=1076, stack(0x000000e5fe7c0000,0x000000e5fe8c0000)]
  0x000000e5fdddc000 JavaThread "C1 CompilerThread2" daemon [_thread_blocked, id=2932, stack(0x000000e5fe6c0000,0x000000e5fe7c0000)]
  0x000000e5fdddb800 JavaThread "C1 CompilerThread1" daemon [_thread_blocked, id=9976, stack(0x000000e5fe5c0000,0x000000e5fe6c0000)]
  0x000000e5fddcc800 JavaThread "C1 CompilerThread0" daemon [_thread_blocked, id=8884, stack(0x000000e5fe4c0000,0x000000e5fe5c0000)]
  0x000000e5fddcc000 JavaThread "Attach Listener" daemon [_thread_blocked, id=5000, stack(0x000000e5fe3c0000,0x000000e5fe4c0000)]
  0x000000e5fddcb000 JavaThread "Signal Dispatcher" daemon [_thread_blocked, id=4012, stack(0x000000e5fe2c0000,0x000000e5fe3c0000)]
  0x000000e5fddc4000 JavaThread "Finalizer" daemon [_thread_blocked, id=8600, stack(0x000000e5fe0d0000,0x000000e5fe1d0000)]
  0x000000e5fddba000 JavaThread "Reference Handler" daemon [_thread_blocked, id=7160, stack(0x000000e5fdfd0000,0x000000e5fe0d0000)]
  0x000000e5dda3f800 JavaThread "main" [_thread_in_native, id=1356, stack(0x000000e5df250000,0x000000e5df350000)]

Other Threads:
  0x000000e5fdd8b000 VMThread "VM Thread" [stack: 0x000000e5fded0000,0x000000e5fdfd0000] [id=10156]
=>0x000000e580590800 WatcherThread [stack: 0x000000e5813d0000,0x000000e5814d0000] [id=7976]
  0x000000e5dda58800 GCTaskThread "GC Thread#0" [stack: 0x000000e5f50a0000,0x000000e5f51a0000] [id=2956]
  0x000000e5dda5a000 GCTaskThread "GC Thread#1" [stack: 0x000000e5f51a0000,0x000000e5f52a0000] [id=9484]
  0x000000e5dda5c000 GCTaskThread "GC Thread#2" [stack: 0x000000e5f52a0000,0x000000e5f53a0000] [id=4676]
  0x000000e5dda62800 GCTaskThread "GC Thread#3" [stack: 0x000000e5f53a0000,0x000000e5f54a0000] [id=8784]
  0x000000e5ddad7800 ConcurrentGCThread "G1 Main Marker" [stack: 0x000000e5fad90000,0x000000e5fae90000] [id=976]
  0x000000e5ddada800 ConcurrentGCThread "G1 Marker#0" [stack: 0x000000e5fae90000,0x000000e5faf90000] [id=1040]
  0x000000e5dda6c800 ConcurrentGCThread "G1 Refine#0" [stack: 0x000000e5f5be0000,0x000000e5f5ce0000] [id=7392]
  0x000000e5dda6a000 ConcurrentGCThread "G1 Refine#1" [stack: 0x000000e5f5ae0000,0x000000e5f5be0000] [id=6508]
  0x000000e5dda66800 ConcurrentGCThread "G1 Refine#2" [stack: 0x000000e5f59e0000,0x000000e5f5ae0000] [id=7656]
  0x000000e5dda64800 ConcurrentGCThread "G1 Refine#3" [stack: 0x000000e5f58e0000,0x000000e5f59e0000] [id=9016]
  0x000000e5dda6d800 ConcurrentGCThread "G1 Young RemSet Sampling" [stack: 0x000000e5f5ce0000,0x000000e5f5de0000] [id=3536]

Threads with active compile tasks:

VM state:not at safepoint (normal execution)

VM Mutex/Monitor currently owned by a thread:  ([mutex/lock_event])
[0x000000e5dda3e830] PeriodicTask_lock - owner thread: 0x000000e580590800

Heap address: 0x0000000081c00000, size: 2020 MB, Compressed Oops mode: 32-bit
Narrow klass base: 0x0000000000000000, Narrow klass shift: 3
Compressed class space size: 1073741824 Address: 0x0000000100000000

Heap:
 garbage-first heap   total 131072K, used 34219K [0x0000000081c00000, 0x0000000081d00400, 0x0000000100000000)
  region size 1024K, 20 young (20480K), 2 survivors (2048K)
 Metaspace       used 10769K, capacity 11324K, committed 11520K, reserved 1058816K
  class space    used 1294K, capacity 1420K, committed 1536K, reserved 1048576K
Heap Regions: E=young(eden), S=young(survivor), O=old, HS=humongous(starts), HC=humongous(continues), CS=collection set, F=free, A=archive, TS=gc time stamp, AC=allocation context, TAMS=top-at-mark-start (previous, next)
|   0|0x0000000081c00000, 0x0000000081d00000, 0x0000000081d00000|100%|HS|  |TS  0|AC  0|TAMS 0x0000000081c00000, 0x0000000081c00000|
|   1|0x0000000081d00000, 0x0000000081e00000, 0x0000000081e00000|100%| O|  |TS  1|AC  0|TAMS 0x0000000081d00000, 0x0000000081d00000|
|   2|0x0000000081e00000, 0x0000000081f00000, 0x0000000081f00000|100%| O|  |TS  1|AC  0|TAMS 0x0000000081e00000, 0x0000000081e00000|
|   3|0x0000000081f00000, 0x0000000082000000, 0x0000000082000000|100%| O|  |TS  1|AC  0|TAMS 0x0000000081f00000, 0x0000000081f00000|
|   4|0x0000000082000000, 0x0000000082100000, 0x0000000082100000|100%| O|  |TS  1|AC  0|TAMS 0x0000000082000000, 0x0000000082000000|
|   5|0x0000000082100000, 0x0000000082200000, 0x0000000082200000|100%| O|  |TS  1|AC  0|TAMS 0x0000000082100000, 0x0000000082100000|
|   6|0x0000000082200000, 0x0000000082300000, 0x0000000082300000|100%| O|  |TS  1|AC  0|TAMS 0x0000000082200000, 0x0000000082200000|
|   7|0x0000000082300000, 0x0000000082400000, 0x0000000082400000|100%| O|  |TS  3|AC  0|TAMS 0x0000000082300000, 0x0000000082300000|
|   8|0x0000000082400000, 0x0000000082500000, 0x0000000082500000|100%| O|  |TS  3|AC  0|TAMS 0x0000000082400000, 0x0000000082400000|
|   9|0x0000000082500000, 0x0000000082600000, 0x0000000082600000|100%| O|  |TS  3|AC  0|TAMS 0x0000000082500000, 0x0000000082500000|
|  10|0x0000000082600000, 0x0000000082700000, 0x0000000082700000|100%| O|  |TS  3|AC  0|TAMS 0x0000000082600000, 0x0000000082600000|
|  11|0x0000000082700000, 0x0000000082800000, 0x0000000082800000|100%| O|  |TS  3|AC  0|TAMS 0x0000000082700000, 0x0000000082700000|
|  12|0x0000000082800000, 0x0000000082900000, 0x0000000082900000|100%| O|  |TS  3|AC  0|TAMS 0x0000000082800000, 0x0000000082800000|
|  13|0x0000000082900000, 0x000000008296ae00, 0x0000000082a00000| 41%| O|  |TS  3|AC  0|TAMS 0x0000000082900000, 0x0000000082900000|
|  14|0x0000000082a00000, 0x0000000082b00000, 0x0000000082b00000|100%|HS|  |TS  0|AC  0|TAMS 0x0000000082a00000, 0x0000000082a00000|
|  15|0x0000000082b00000, 0x0000000082b00000, 0x0000000082c00000|  0%| F|  |TS  0|AC  0|TAMS 0x0000000082b00000, 0x0000000082b00000|
|  16|0x0000000082c00000, 0x0000000082c00000, 0x0000000082d00000|  0%| F|  |TS  0|AC  0|TAMS 0x0000000082c00000, 0x0000000082c00000|
|  17|0x0000000082d00000, 0x0000000082d00000, 0x0000000082e00000|  0%| F|  |TS  0|AC  0|TAMS 0x0000000082d00000, 0x0000000082d00000|
|  18|0x0000000082e00000, 0x0000000082e00000, 0x0000000082f00000|  0%| F|  |TS  0|AC  0|TAMS 0x0000000082e00000, 0x0000000082e00000|
|  19|0x0000000082f00000, 0x0000000082f00000, 0x0000000083000000|  0%| F|  |TS  0|AC  0|TAMS 0x0000000082f00000, 0x0000000082f00000|
|  20|0x0000000083000000, 0x0000000083000000, 0x0000000083100000|  0%| F|  |TS  0|AC  0|TAMS 0x0000000083000000, 0x0000000083000000|
|  21|0x0000000083100000, 0x0000000083100000, 0x0000000083200000|  0%| F|  |TS  0|AC  0|TAMS 0x0000000083100000, 0x0000000083100000|
|  22|0x0000000083200000, 0x0000000083200000, 0x0000000083300000|  0%| F|  |TS  0|AC  0|TAMS 0x0000000083200000, 0x0000000083200000|
|  23|0x0000000083300000, 0x0000000083300000, 0x0000000083400000|  0%| F|  |TS  0|AC  0|TAMS 0x0000000083300000, 0x0000000083300000|
|  24|0x0000000083400000, 0x0000000083400000, 0x0000000083500000|  0%| F|  |TS  0|AC  0|TAMS 0x0000000083400000, 0x0000000083400000|
|  25|0x0000000083500000, 0x0000000083500000, 0x0000000083600000|  0%| F|  |TS  0|AC  0|TAMS 0x0000000083500000, 0x0000000083500000|
|  26|0x0000000083600000, 0x0000000083600000, 0x0000000083700000|  0%| F|  |TS  0|AC  0|TAMS 0x0000000083600000, 0x0000000083600000|
|  27|0x0000000083700000, 0x0000000083700000, 0x0000000083800000|  0%| F|  |TS  0|AC  0|TAMS 0x0000000083700000, 0x0000000083700000|
|  28|0x0000000083800000, 0x0000000083800000, 0x0000000083900000|  0%| F|  |TS  0|AC  0|TAMS 0x0000000083800000, 0x0000000083800000|
|  29|0x0000000083900000, 0x0000000083900000, 0x0000000083a00000|  0%| F|  |TS  0|AC  0|TAMS 0x0000000083900000, 0x0000000083900000|
|  30|0x0000000083a00000, 0x0000000083a00000, 0x0000000083b00000|  0%| F|  |TS  0|AC  0|TAMS 0x0000000083a00000, 0x0000000083a00000|
|  31|0x0000000083b00000, 0x0000000083b00000, 0x0000000083c00000|  0%| F|  |TS  0|AC  0|TAMS 0x0000000083b00000, 0x0000000083b00000|
|  32|0x0000000083c00000, 0x0000000083c00000, 0x0000000083d00000|  0%| F|  |TS  0|AC  0|TAMS 0x0000000083c00000, 0x0000000083c00000|
|  33|0x0000000083d00000, 0x0000000083d00000, 0x0000000083e00000|  0%| F|  |TS  0|AC  0|TAMS 0x0000000083d00000, 0x0000000083d00000|
|  34|0x0000000083e00000, 0x0000000083e00000, 0x0000000083f00000|  0%| F|  |TS  0|AC  0|TAMS 0x0000000083e00000, 0x0000000083e00000|
|  35|0x0000000083f00000, 0x0000000083f00000, 0x0000000084000000|  0%| F|  |TS  0|AC  0|TAMS 0x0000000083f00000, 0x0000000083f00000|
|  36|0x0000000084000000, 0x0000000084000000, 0x0000000084100000|  0%| F|  |TS  0|AC  0|TAMS 0x0000000084000000, 0x0000000084000000|
|  37|0x0000000084100000, 0x0000000084100000, 0x0000000084200000|  0%| F|  |TS  0|AC  0|TAMS 0x0000000084100000, 0x0000000084100000|
|  38|0x0000000084200000, 0x0000000084200000, 0x0000000084300000|  0%| F|  |TS  0|AC  0|TAMS 0x0000000084200000, 0x0000000084200000|
|  39|0x0000000084300000, 0x0000000084300000, 0x0000000084400000|  0%| F|  |TS  0|AC  0|TAMS 0x0000000084300000, 0x0000000084300000|
|  40|0x0000000084400000, 0x0000000084400000, 0x0000000084500000|  0%| F|  |TS  0|AC  0|TAMS 0x0000000084400000, 0x0000000084400000|
|  41|0x0000000084500000, 0x0000000084500000, 0x0000000084600000|  0%| F|  |TS  0|AC  0|TAMS 0x0000000084500000, 0x0000000084500000|
|  42|0x0000000084600000, 0x0000000084600000, 0x0000000084700000|  0%| F|  |TS  0|AC  0|TAMS 0x0000000084600000, 0x0000000084600000|
|  43|0x0000000084700000, 0x0000000084700000, 0x0000000084800000|  0%| F|  |TS  0|AC  0|TAMS 0x0000000084700000, 0x0000000084700000|
|  44|0x0000000084800000, 0x0000000084800000, 0x0000000084900000|  0%| F|  |TS  0|AC  0|TAMS 0x0000000084800000, 0x0000000084800000|
|  45|0x0000000084900000, 0x0000000084900000, 0x0000000084a00000|  0%| F|  |TS  0|AC  0|TAMS 0x0000000084900000, 0x0000000084900000|
|  46|0x0000000084a00000, 0x0000000084a00000, 0x0000000084b00000|  0%| F|  |TS  0|AC  0|TAMS 0x0000000084a00000, 0x0000000084a00000|
|  47|0x0000000084b00000, 0x0000000084b00000, 0x0000000084c00000|  0%| F|  |TS  0|AC  0|TAMS 0x0000000084b00000, 0x0000000084b00000|
|  48|0x0000000084c00000, 0x0000000084c00000, 0x0000000084d00000|  0%| F|  |TS  0|AC  0|TAMS 0x0000000084c00000, 0x0000000084c00000|
|  49|0x0000000084d00000, 0x0000000084d00000, 0x0000000084e00000|  0%| F|  |TS  0|AC  0|TAMS 0x0000000084d00000, 0x0000000084d00000|
|  50|0x0000000084e00000, 0x0000000084e00000, 0x0000000084f00000|  0%| F|  |TS  0|AC  0|TAMS 0x0000000084e00000, 0x0000000084e00000|
|  51|0x0000000084f00000, 0x0000000084f00000, 0x0000000085000000|  0%| F|  |TS  0|AC  0|TAMS 0x0000000084f00000, 0x0000000084f00000|
|  52|0x0000000085000000, 0x0000000085000000, 0x0000000085100000|  0%| F|  |TS  0|AC  0|TAMS 0x0000000085000000, 0x0000000085000000|
|  53|0x0000000085100000, 0x0000000085100000, 0x0000000085200000|  0%| F|  |TS  0|AC  0|TAMS 0x0000000085100000, 0x0000000085100000|
|  54|0x0000000085200000, 0x0000000085200000, 0x0000000085300000|  0%| F|  |TS  0|AC  0|TAMS 0x0000000085200000, 0x0000000085200000|
|  55|0x0000000085300000, 0x0000000085300000, 0x0000000085400000|  0%| F|  |TS  0|AC  0|TAMS 0x0000000085300000, 0x0000000085300000|
|  56|0x0000000085400000, 0x0000000085400000, 0x0000000085500000|  0%| F|  |TS  0|AC  0|TAMS 0x0000000085400000, 0x0000000085400000|
|  57|0x0000000085500000, 0x0000000085500000, 0x0000000085600000|  0%| F|  |TS  0|AC  0|TAMS 0x0000000085500000, 0x0000000085500000|
|  58|0x0000000085600000, 0x0000000085600000, 0x0000000085700000|  0%| F|  |TS  0|AC  0|TAMS 0x0000000085600000, 0x0000000085600000|
|  59|0x0000000085700000, 0x0000000085700000, 0x0000000085800000|  0%| F|  |TS  0|AC  0|TAMS 0x0000000085700000, 0x0000000085700000|
|  60|0x0000000085800000, 0x0000000085800000, 0x0000000085900000|  0%| F|  |TS  0|AC  0|TAMS 0x0000000085800000, 0x0000000085800000|
|  61|0x0000000085900000, 0x0000000085900000, 0x0000000085a00000|  0%| F|  |TS  0|AC  0|TAMS 0x0000000085900000, 0x0000000085900000|
|  62|0x0000000085a00000, 0x0000000085a00000, 0x0000000085b00000|  0%| F|  |TS  0|AC  0|TAMS 0x0000000085a00000, 0x0000000085a00000|
|  63|0x0000000085b00000, 0x0000000085b00000, 0x0000000085c00000|  0%| F|  |TS  0|AC  0|TAMS 0x0000000085b00000, 0x0000000085b00000|
|  64|0x0000000085c00000, 0x0000000085c00000, 0x0000000085d00000|  0%| F|  |TS  0|AC  0|TAMS 0x0000000085c00000, 0x0000000085c00000|
|  65|0x0000000085d00000, 0x0000000085d00000, 0x0000000085e00000|  0%| F|  |TS  0|AC  0|TAMS 0x0000000085d00000, 0x0000000085d00000|
|  66|0x0000000085e00000, 0x0000000085e00000, 0x0000000085f00000|  0%| F|  |TS  0|AC  0|TAMS 0x0000000085e00000, 0x0000000085e00000|
|  67|0x0000000085f00000, 0x0000000085f00000, 0x0000000086000000|  0%| F|  |TS  0|AC  0|TAMS 0x0000000085f00000, 0x0000000085f00000|
|  68|0x0000000086000000, 0x0000000086000000, 0x0000000086100000|  0%| F|  |TS  0|AC  0|TAMS 0x0000000086000000, 0x0000000086000000|
|  69|0x0000000086100000, 0x0000000086100000, 0x0000000086200000|  0%| F|  |TS  0|AC  0|TAMS 0x0000000086100000, 0x0000000086100000|
|  70|0x0000000086200000, 0x0000000086200000, 0x0000000086300000|  0%| F|  |TS  0|AC  0|TAMS 0x0000000086200000, 0x0000000086200000|
|  71|0x0000000086300000, 0x0000000086300000, 0x0000000086400000|  0%| F|  |TS  0|AC  0|TAMS 0x0000000086300000, 0x0000000086300000|
|  72|0x0000000086400000, 0x0000000086400000, 0x0000000086500000|  0%| F|  |TS  0|AC  0|TAMS 0x0000000086400000, 0x0000000086400000|
|  73|0x0000000086500000, 0x0000000086500000, 0x0000000086600000|  0%| F|  |TS  0|AC  0|TAMS 0x0000000086500000, 0x0000000086500000|
|  74|0x0000000086600000, 0x0000000086600000, 0x0000000086700000|  0%| F|  |TS  0|AC  0|TAMS 0x0000000086600000, 0x0000000086600000|
|  75|0x0000000086700000, 0x0000000086700000, 0x0000000086800000|  0%| F|  |TS  0|AC  0|TAMS 0x0000000086700000, 0x0000000086700000|
|  76|0x0000000086800000, 0x0000000086800000, 0x0000000086900000|  0%| F|  |TS  0|AC  0|TAMS 0x0000000086800000, 0x0000000086800000|
|  77|0x0000000086900000, 0x0000000086900000, 0x0000000086a00000|  0%| F|  |TS  0|AC  0|TAMS 0x0000000086900000, 0x0000000086900000|
|  78|0x0000000086a00000, 0x0000000086a00000, 0x0000000086b00000|  0%| F|  |TS  0|AC  0|TAMS 0x0000000086a00000, 0x0000000086a00000|
|  79|0x0000000086b00000, 0x0000000086b00000, 0x0000000086c00000|  0%| F|  |TS  0|AC  0|TAMS 0x0000000086b00000, 0x0000000086b00000|
|  80|0x0000000086c00000, 0x0000000086c00000, 0x0000000086d00000|  0%| F|  |TS  0|AC  0|TAMS 0x0000000086c00000, 0x0000000086c00000|
|  81|0x0000000086d00000, 0x0000000086d00000, 0x0000000086e00000|  0%| F|  |TS  0|AC  0|TAMS 0x0000000086d00000, 0x0000000086d00000|
|  82|0x0000000086e00000, 0x0000000086e00000, 0x0000000086f00000|  0%| F|  |TS  0|AC  0|TAMS 0x0000000086e00000, 0x0000000086e00000|
|  83|0x0000000086f00000, 0x0000000086f00000, 0x0000000087000000|  0%| F|  |TS  0|AC  0|TAMS 0x0000000086f00000, 0x0000000086f00000|
|  84|0x0000000087000000, 0x0000000087000000, 0x0000000087100000|  0%| F|  |TS  0|AC  0|TAMS 0x0000000087000000, 0x0000000087000000|
|  85|0x0000000087100000, 0x0000000087100000, 0x0000000087200000|  0%| F|  |TS  0|AC  0|TAMS 0x0000000087100000, 0x0000000087100000|
|  86|0x0000000087200000, 0x0000000087200000, 0x0000000087300000|  0%| F|  |TS  0|AC  0|TAMS 0x0000000087200000, 0x0000000087200000|
|  87|0x0000000087300000, 0x0000000087300000, 0x0000000087400000|  0%| F|  |TS  0|AC  0|TAMS 0x0000000087300000, 0x0000000087300000|
|  88|0x0000000087400000, 0x0000000087400000, 0x0000000087500000|  0%| F|  |TS  0|AC  0|TAMS 0x0000000087400000, 0x0000000087400000|
|  89|0x0000000087500000, 0x0000000087500000, 0x0000000087600000|  0%| F|  |TS  0|AC  0|TAMS 0x0000000087500000, 0x0000000087500000|
|  90|0x0000000087600000, 0x0000000087600000, 0x0000000087700000|  0%| F|  |TS  0|AC  0|TAMS 0x0000000087600000, 0x0000000087600000|
|  91|0x0000000087700000, 0x0000000087700000, 0x0000000087800000|  0%| F|  |TS  0|AC  0|TAMS 0x0000000087700000, 0x0000000087700000|
|  92|0x0000000087800000, 0x0000000087800000, 0x0000000087900000|  0%| F|  |TS  0|AC  0|TAMS 0x0000000087800000, 0x0000000087800000|
|  93|0x0000000087900000, 0x0000000087900000, 0x0000000087a00000|  0%| F|  |TS  0|AC  0|TAMS 0x0000000087900000, 0x0000000087900000|
|  94|0x0000000087a00000, 0x0000000087a00000, 0x0000000087b00000|  0%| F|  |TS  0|AC  0|TAMS 0x0000000087a00000, 0x0000000087a00000|
|  95|0x0000000087b00000, 0x0000000087b00000, 0x0000000087c00000|  0%| F|  |TS  0|AC  0|TAMS 0x0000000087b00000, 0x0000000087b00000|
|  96|0x0000000087c00000, 0x0000000087c00000, 0x0000000087d00000|  0%| F|  |TS  0|AC  0|TAMS 0x0000000087c00000, 0x0000000087c00000|
|  97|0x0000000087d00000, 0x0000000087d00000, 0x0000000087e00000|  0%| F|  |TS  0|AC  0|TAMS 0x0000000087d00000, 0x0000000087d00000|
|  98|0x0000000087e00000, 0x0000000087e00000, 0x0000000087f00000|  0%| F|  |TS  0|AC  0|TAMS 0x0000000087e00000, 0x0000000087e00000|
|  99|0x0000000087f00000, 0x0000000087f00000, 0x0000000088000000|  0%| F|  |TS  0|AC  0|TAMS 0x0000000087f00000, 0x0000000087f00000|
| 100|0x0000000088000000, 0x0000000088000000, 0x0000000088100000|  0%| F|  |TS  0|AC  0|TAMS 0x0000000088000000, 0x0000000088000000|
| 101|0x0000000088100000, 0x0000000088100000, 0x0000000088200000|  0%| F|  |TS  0|AC  0|TAMS 0x0000000088100000, 0x0000000088100000|
| 102|0x0000000088200000, 0x0000000088200000, 0x0000000088300000|  0%| F|  |TS  0|AC  0|TAMS 0x0000000088200000, 0x0000000088200000|
| 103|0x0000000088300000, 0x0000000088300000, 0x0000000088400000|  0%| F|  |TS  0|AC  0|TAMS 0x0000000088300000, 0x0000000088300000|
| 104|0x0000000088400000, 0x0000000088400000, 0x0000000088500000|  0%| F|  |TS  0|AC  0|TAMS 0x0000000088400000, 0x0000000088400000|
| 105|0x0000000088500000, 0x0000000088500000, 0x0000000088600000|  0%| F|  |TS  0|AC  0|TAMS 0x0000000088500000, 0x0000000088500000|
| 106|0x0000000088600000, 0x0000000088600000, 0x0000000088700000|  0%| F|  |TS  0|AC  0|TAMS 0x0000000088600000, 0x0000000088600000|
| 107|0x0000000088700000, 0x000000008876c188, 0x0000000088800000| 42%| E|  |TS  0|AC  0|TAMS 0x0000000088700000, 0x0000000088700000|
| 108|0x0000000088800000, 0x0000000088900000, 0x0000000088900000|100%| E|CS|TS  0|AC  0|TAMS 0x0000000088800000, 0x0000000088800000|
| 109|0x0000000088900000, 0x0000000088a00000, 0x0000000088a00000|100%| E|CS|TS  0|AC  0|TAMS 0x0000000088900000, 0x0000000088900000|
| 110|0x0000000088a00000, 0x0000000088b00000, 0x0000000088b00000|100%| E|CS|TS  0|AC  0|TAMS 0x0000000088a00000, 0x0000000088a00000|
| 111|0x0000000088b00000, 0x0000000088c00000, 0x0000000088c00000|100%| E|CS|TS  0|AC  0|TAMS 0x0000000088b00000, 0x0000000088b00000|
| 112|0x0000000088c00000, 0x0000000088d00000, 0x0000000088d00000|100%| E|CS|TS  3|AC  0|TAMS 0x0000000088c00000, 0x0000000088c00000|
| 113|0x0000000088d00000, 0x0000000088e00000, 0x0000000088e00000|100%| E|CS|TS  3|AC  0|TAMS 0x0000000088d00000, 0x0000000088d00000|
| 114|0x0000000088e00000, 0x0000000088f00000, 0x0000000088f00000|100%| E|CS|TS  1|AC  0|TAMS 0x0000000088e00000, 0x0000000088e00000|
| 115|0x0000000088f00000, 0x0000000089000000, 0x0000000089000000|100%| E|CS|TS  1|AC  0|TAMS 0x0000000088f00000, 0x0000000088f00000|
| 116|0x0000000089000000, 0x0000000089100000, 0x0000000089100000|100%| E|CS|TS  1|AC  0|TAMS 0x0000000089000000, 0x0000000089000000|
| 117|0x0000000089100000, 0x0000000089200000, 0x0000000089200000|100%| E|CS|TS  1|AC  0|TAMS 0x0000000089100000, 0x0000000089100000|
| 118|0x0000000089200000, 0x0000000089300000, 0x0000000089300000|100%| E|CS|TS  1|AC  0|TAMS 0x0000000089200000, 0x0000000089200000|
| 119|0x0000000089300000, 0x0000000089400000, 0x0000000089400000|100%| S|CS|TS  3|AC  0|TAMS 0x0000000089300000, 0x0000000089300000|
| 120|0x0000000089400000, 0x0000000089500000, 0x0000000089500000|100%| S|CS|TS  3|AC  0|TAMS 0x0000000089400000, 0x0000000089400000|
| 121|0x0000000089500000, 0x0000000089600000, 0x0000000089600000|100%| E|CS|TS  3|AC  0|TAMS 0x0000000089500000, 0x0000000089500000|
| 122|0x0000000089600000, 0x0000000089700000, 0x0000000089700000|100%| E|CS|TS  3|AC  0|TAMS 0x0000000089600000, 0x0000000089600000|
| 123|0x0000000089700000, 0x0000000089800000, 0x0000000089800000|100%| E|CS|TS  3|AC  0|TAMS 0x0000000089700000, 0x0000000089700000|
| 124|0x0000000089800000, 0x0000000089900000, 0x0000000089900000|100%| E|CS|TS  3|AC  0|TAMS 0x0000000089800000, 0x0000000089800000|
| 125|0x0000000089900000, 0x0000000089a00000, 0x0000000089a00000|100%| E|CS|TS  3|AC  0|TAMS 0x0000000089900000, 0x0000000089900000|
| 126|0x0000000089a00000, 0x0000000089b00000, 0x0000000089b00000|100%| E|CS|TS  3|AC  0|TAMS 0x0000000089a00000, 0x0000000089a00000|
| 127|0x0000000089b00000, 0x0000000089c00000, 0x0000000089c00000|100%| E|CS|TS  3|AC  0|TAMS 0x0000000089b00000, 0x0000000089b00000|

Card table byte_map: [0x000000e5f65e0000,0x000000e5f69e0000] byte_map_base: 0x000000e5f61d2000

Marking Bits (Prev, Next): (CMBitMap*) 0x000000e5ddad6b40, (CMBitMap*) 0x000000e5ddad6b78
 Prev Bits: [0x000000e5f6de0000, 0x000000e5f8d70000)
 Next Bits: [0x000000e5f8d70000, 0x000000e5fad00000)

Polling page: 0x000000e5dd9e0000

CodeHeap 'non-profiled nmethods': size=238912Kb used=1937Kb max_used=1937Kb free=236974Kb
 bounds [0x000000e5e6560000, 0x000000e5e67d0000, 0x000000e5f4eb0000]
CodeHeap 'non-nmethods': size=6848Kb used=2369Kb max_used=2369Kb free=4478Kb
 bounds [0x000000e5e5eb0000, 0x000000e5e6120000, 0x000000e5e6560000]
 total_blobs=1758 nmethods=1344 adapters=322
 compilation: enabled

Compilation events (10 events):
Event: 1.311 Thread 0x000000e5fdddb800 nmethod 1268 0x000000e5e672a390 code [0x000000e5e672a5a0, 0x000000e5e672a9a0]
Event: 1.312 Thread 0x000000e5fdddc000 1271       1       java.util.jar.JarFile::getEntry (60 bytes)
Event: 1.312 Thread 0x000000e5fddcc800 1273   !   1       jdk.internal.loader.URLClassPath$JarLoader::getResource (65 bytes)
Event: 1.312 Thread 0x000000e5fdddb800 1272   !   1       java.util.jar.JarFile::isMultiRelease (33 bytes)
Event: 1.312 Thread 0x000000e5fdddb800 nmethod 1272 0x000000e5e672ab90 code [0x000000e5e672ad40, 0x000000e5e672aed0]
Event: 1.312 Thread 0x000000e5fdddb800 1274       1       java.util.jar.JarFile::getJarEntry (9 bytes)
Event: 1.312 Thread 0x000000e5fdddb800 nmethod 1274 0x000000e5e672af90 code [0x000000e5e672b140, 0x000000e5e672b2b0]
Event: 1.312 Thread 0x000000e5fddcc800 nmethod 1273 0x000000e5e672b390 code [0x000000e5e672b5a0, 0x000000e5e672b9f0]
Event: 1.312 Thread 0x000000e5fdddc000 nmethod 1271 0x000000e5e672bc10 code [0x000000e5e672be40, 0x000000e5e672c430]
Event: 1.313 Thread 0x000000e5fdddb800 1275   !   1       java.util.jar.JarFile::checkForSpecialAttributes (240 bytes)

GC Heap History (4 events):
Event: 0.591 GC heap before
{Heap before GC invocations=0 (full 0):
 garbage-first heap   total 131072K, used 15360K [0x0000000081c00000, 0x0000000081d00400, 0x0000000100000000)
  region size 1024K, 14 young (14336K), 0 survivors (0K)
 Metaspace       used 5000K, capacity 5034K, committed 5248K, reserved 1056768K
  class space    used 499K, capacity 527K, committed 640K, reserved 1048576K
}
Event: 0.599 GC heap after
{Heap after GC invocations=1 (full 0):
 garbage-first heap   total 131072K, used 9540K [0x0000000081c00000, 0x0000000081d00400, 0x0000000100000000)
  region size 1024K, 2 young (2048K), 2 survivors (2048K)
 Metaspace       used 5000K, capacity 5034K, committed 5248K, reserved 1056768K
  class space    used 499K, capacity 527K, committed 640K, reserved 1048576K
}
Event: 0.713 GC heap before
{Heap before GC invocations=1 (full 0):
 garbage-first heap   total 131072K, used 16708K [0x0000000081c00000, 0x0000000081d00400, 0x0000000100000000)
  region size 1024K, 9 young (9216K), 2 survivors (2048K)
 Metaspace       used 5001K, capacity 5098K, committed 5248K, reserved 1056768K
  class space    used 499K, capacity 527K, committed 640K, reserved 1048576K
}
Event: 0.719 GC heap after
{Heap after GC invocations=2 (full 0):
 garbage-first heap   total 131072K, used 15787K [0x0000000081c00000, 0x0000000081d00400, 0x0000000100000000)
  region size 1024K, 2 young (2048K), 2 survivors (2048K)
 Metaspace       used 5001K, capacity 5098K, committed 5248K, reserved 1056768K
  class space    used 499K, capacity 527K, committed 640K, reserved 1048576K
}

Deoptimization events (0 events):
No events

Classes redefined (0 events):
No events

Internal exceptions (10 events):
Event: 0.973 Thread 0x000000e5dda3f800 Exception <a 'java/lang/NoSuchMethodError'{0x00000000895ed0e8}: java.lang.invoke.DirectMethodHandle$Holder.invokeStaticInit(Ljava/lang/Object;IIII)Ljava/lang/Object;> (0x00000000895ed0e8) thrown at [t:/workspace/hotspot/src/share/vm/interpreter/linkResolv
Event: 1.186 Thread 0x000000e5dda3f800 Exception <a 'java/lang/NoSuchMethodError'{0x0000000089242590}: java.lang.invoke.DirectMethodHandle$Holder.invokeStatic(Ljava/lang/Object;Ljava/lang/Object;IIII)Ljava/lang/Object;> (0x0000000089242590) thrown at [t:/workspace/hotspot/src/share/vm/interpre
Event: 1.186 Thread 0x000000e5dda3f800 Exception <a 'java/lang/NoSuchMethodError'{0x0000000089245a48}: java.lang.invoke.DirectMethodHandle$Holder.invokeStaticInit(Ljava/lang/Object;Ljava/lang/Object;IIII)Ljava/lang/Object;> (0x0000000089245a48) thrown at [t:/workspace/hotspot/src/share/vm/inte
Event: 1.197 Thread 0x000000e5dda3f800 Exception <a 'java/lang/ClassNotFoundException'{0x00000000892659f8}: javax/management/remote/rmi/RMIServerImpl_Skel> (0x00000000892659f8) thrown at [t:/workspace/hotspot/src/share/vm/classfile/systemDictionary.cpp, line 218]
Event: 1.228 Thread 0x000000e5dda3f800 Exception <a 'java/lang/NoSuchMethodError'{0x00000000892b1fa8}: java.lang.Object.lambda$union$2(Ljava/util/regex/Pattern$CharPredicate;I)Z> (0x00000000892b1fa8) thrown at [t:/workspace/hotspot/src/share/vm/interpreter/linkResolver.cpp, line 731]
Event: 1.233 Thread 0x000000e5dda3f800 Exception <a 'java/lang/ClassNotFoundException'{0x00000000892ba298}: jdk/internal/agent/resources/spi/agentProvider> (0x00000000892ba298) thrown at [t:/workspace/hotspot/src/share/vm/classfile/systemDictionary.cpp, line 218]
Event: 1.244 Thread 0x000000e5dda3f800 Exception <a 'java/lang/NoSuchMethodError'{0x0000000089153160}: java.lang.invoke.DirectMethodHandle$Holder.invokeStatic(Ljava/lang/Object;Ljava/lang/Object;Ljava/lang/Object;Ljava/lang/Object;Ljava/lang/Object;Ljava/lang/Object;Ljava/lang/Object;Ljava/lan
Event: 1.245 Thread 0x000000e5dda3f800 Exception <a 'java/lang/NoSuchMethodError'{0x0000000089161e28}: java.lang.invoke.DirectMethodHandle$Holder.invokeStatic(Ljava/lang/Object;Ljava/lang/Object;Ljava/lang/Object;Ljava/lang/Object;Ljava/lang/Object;Ljava/lang/Object;Ljava/lang/Object;Ljava/lan
Event: 1.247 Thread 0x000000e5dda3f800 Exception <a 'java/lang/NoSuchMethodError'{0x0000000089170d98}: method resolution failed> (0x0000000089170d98) thrown at [t:/workspace/hotspot/src/share/vm/prims/methodHandles.cpp, line 1256]
Event: 1.248 Thread 0x000000e5dda3f800 Exception <a 'java/lang/NoSuchMethodError'{0x000000008917fc00}: method resolution failed> (0x000000008917fc00) thrown at [t:/workspace/hotspot/src/share/vm/prims/methodHandles.cpp, line 1256]

Events (10 events):
Event: 1.309 Executing VM operation: Deoptimize
Event: 1.309 Executing VM operation: Deoptimize done
Event: 1.310 loading class sun/net/www/protocol/jar/URLJarFile$URLJarFileEntry
Event: 1.310 loading class sun/net/www/protocol/jar/URLJarFile$URLJarFileEntry done
Event: 1.310 loading class sun/net/www/protocol/jar/JarURLConnection$JarURLInputStream
Event: 1.310 loading class sun/net/www/protocol/jar/JarURLConnection$JarURLInputStream done
Event: 1.311 loading class org/apache/logging/log4j/util/EnvironmentPropertySource
Event: 1.311 loading class org/apache/logging/log4j/util/EnvironmentPropertySource done
Event: 1.312 loading class org/apache/logging/log4j/util/SystemPropertiesPropertySource
Event: 1.312 loading class org/apache/logging/log4j/util/SystemPropertiesPropertySource done


Dynamic libraries:
0x00007ff77fcb0000 - 0x00007ff77fcee000 	C:\Program Files\Java\jre-9.0.4\bin\javaw.exe
0x00007ffebf520000 - 0x00007ffebf6cd000 	C:\WINDOWS\SYSTEM32\ntdll.dll
0x00007ffebee80000 - 0x00007ffebefbf000 	C:\WINDOWS\system32\KERNEL32.DLL
0x00007ffebca90000 - 0x00007ffebcba6000 	C:\WINDOWS\system32\KERNELBASE.dll
0x00007ffebe0f0000 - 0x00007ffebe19a000 	C:\WINDOWS\system32\ADVAPI32.dll
0x00007ffebe430000 - 0x00007ffebe5a7000 	C:\WINDOWS\system32\USER32.dll
0x00007ffeba720000 - 0x00007ffeba99b000 	C:\WINDOWS\WinSxS\amd64_microsoft.windows.common-controls_6595b64144ccf1df_6.0.9600.19291_none_6248a9f3ecb5e89b\COMCTL32.dll
0x00007ffeb7010000 - 0x00007ffeb701a000 	C:\WINDOWS\SYSTEM32\VERSION.dll
0x00007ffebe260000 - 0x00007ffebe30a000 	C:\WINDOWS\system32\msvcrt.dll
0x00007ffebebd0000 - 0x00007ffebec29000 	C:\WINDOWS\SYSTEM32\sechost.dll
0x00007ffebe5b0000 - 0x00007ffebe6f0000 	C:\WINDOWS\system32\RPCRT4.dll
0x00007ffebec30000 - 0x00007ffebed7c000 	C:\WINDOWS\system32\GDI32.dll
0x00007ffebc720000 - 0x00007ffebc74e000 	C:\WINDOWS\system32\SspiCli.dll
0x00007ffebed80000 - 0x00007ffebedb6000 	C:\WINDOWS\system32\IMM32.DLL
0x00007ffebe8b0000 - 0x00007ffebea01000 	C:\WINDOWS\system32\MSCTF.dll
0x00007ffea6060000 - 0x00007ffea614f000 	C:\Program Files\Java\jre-9.0.4\bin\msvcr120.dll
0x00007ffea4550000 - 0x00007ffea45f6000 	C:\Program Files\Java\jre-9.0.4\bin\msvcp120.dll
0x0000000066b20000 - 0x0000000067545000 	C:\Program Files\Java\jre-9.0.4\bin\server\jvm.dll
0x00007ffeb3040000 - 0x00007ffeb3049000 	C:\WINDOWS\SYSTEM32\WSOCK32.dll
0x00007ffeb7100000 - 0x00007ffeb7122000 	C:\WINDOWS\SYSTEM32\WINMM.dll
0x00007ffebf320000 - 0x00007ffebf327000 	C:\WINDOWS\system32\PSAPI.DLL
0x00007ffebe310000 - 0x00007ffebe36a000 	C:\WINDOWS\system32\WS2_32.dll
0x00007ffeb70d0000 - 0x00007ffeb70fa000 	C:\WINDOWS\SYSTEM32\WINMMBASE.dll
0x00007ffebe0e0000 - 0x00007ffebe0e9000 	C:\WINDOWS\system32\NSI.dll
0x00007ffebca40000 - 0x00007ffebca8f000 	C:\WINDOWS\SYSTEM32\cfgmgr32.dll
0x00007ffebb450000 - 0x00007ffebb478000 	C:\WINDOWS\SYSTEM32\DEVOBJ.dll
0x00007ffeb8df0000 - 0x00007ffeb8dff000 	C:\Program Files\Java\jre-9.0.4\bin\verify.dll
0x00007ffeb5660000 - 0x00007ffeb5687000 	C:\Program Files\Java\jre-9.0.4\bin\java.dll
0x00007ffeb5640000 - 0x00007ffeb5656000 	C:\Program Files\Java\jre-9.0.4\bin\zip.dll
0x00007ffeb6400000 - 0x00007ffeb640a000 	C:\Program Files\Java\jre-9.0.4\bin\jimage.dll
0x00007ffebcbb0000 - 0x00007ffebe0db000 	C:\WINDOWS\system32\SHELL32.dll
0x00007ffebf0a0000 - 0x00007ffebf2b0000 	C:\WINDOWS\SYSTEM32\combase.dll
0x00007ffebe370000 - 0x00007ffebe3c4000 	C:\WINDOWS\system32\SHLWAPI.dll
0x00007ffebac20000 - 0x00007ffebacd2000 	C:\WINDOWS\SYSTEM32\SHCORE.dll
0x00007ffebc650000 - 0x00007ffebc665000 	C:\WINDOWS\SYSTEM32\profapi.dll
0x00007ffeb44a0000 - 0x00007ffeb44ba000 	C:\Program Files\Java\jre-9.0.4\bin\net.dll
0x00007ffeb2c40000 - 0x00007ffeb2d09000 	C:\WINDOWS\SYSTEM32\WINHTTP.dll
0x00007ffebb6d0000 - 0x00007ffebb6f0000 	C:\WINDOWS\system32\PrxerDrv.dll
0x00007ffebbe80000 - 0x00007ffebbed9000 	C:\WINDOWS\system32\mswsock.dll
0x00007ffeb4410000 - 0x00007ffeb4421000 	C:\Program Files\Java\jre-9.0.4\bin\nio.dll
0x00007ffeb6350000 - 0x00007ffeb6359000 	C:\Program Files\Java\jre-9.0.4\bin\management.dll
0x00007ffeb47a0000 - 0x00007ffeb47aa000 	C:\Program Files\Java\jre-9.0.4\bin\management_ext.dll
0x00007ffeac9a0000 - 0x00007ffeac9bc000 	C:\WINDOWS\system32\PrxerNsp.dll
0x00007ffebbc80000 - 0x00007ffebbd24000 	C:\WINDOWS\SYSTEM32\DNSAPI.dll
0x00007ffeac940000 - 0x00007ffeac955000 	C:\WINDOWS\system32\napinsp.dll
0x00007ffeac920000 - 0x00007ffeac93a000 	C:\WINDOWS\system32\pnrpnsp.dll
0x00007ffeb97e0000 - 0x00007ffeb97fb000 	C:\WINDOWS\system32\NLAapi.dll
0x00007ffeac910000 - 0x00007ffeac91d000 	C:\WINDOWS\System32\winrnr.dll
0x00007ffeac8f0000 - 0x00007ffeac904000 	C:\WINDOWS\system32\wshbth.dll
0x00007ffeac960000 - 0x00007ffeac96a000 	C:\Windows\System32\rasadhlp.dll
0x00007ffeb9020000 - 0x00007ffeb904a000 	C:\WINDOWS\SYSTEM32\IPHLPAPI.DLL
0x00007ffeb8f80000 - 0x00007ffeb8f8a000 	C:\WINDOWS\SYSTEM32\WINNSI.DLL
0x00007ffeb69a0000 - 0x00007ffeb6a0b000 	C:\WINDOWS\System32\fwpuclnt.dll
0x00007ffebbee0000 - 0x00007ffebbf00000 	C:\WINDOWS\SYSTEM32\CRYPTSP.dll
0x00007ffebbb00000 - 0x00007ffebbb36000 	C:\WINDOWS\system32\rsaenh.dll
0x00007ffebc130000 - 0x00007ffebc156000 	C:\WINDOWS\SYSTEM32\bcrypt.dll
0x00007ffebbc10000 - 0x00007ffebbc31000 	C:\WINDOWS\SYSTEM32\USERENV.dll
0x00007ffebc4b0000 - 0x00007ffebc513000 	C:\WINDOWS\system32\bcryptprimitives.dll
0x00007ffebc520000 - 0x00007ffebc52b000 	C:\WINDOWS\SYSTEM32\CRYPTBASE.dll
0x00007ffeb7050000 - 0x00007ffeb7066000 	C:\WINDOWS\SYSTEM32\dhcpcsvc6.DLL
0x00007ffeb6ab0000 - 0x00007ffeb6aca000 	C:\WINDOWS\SYSTEM32\dhcpcsvc.DLL
0x00007ffeac600000 - 0x00007ffeac789000 	C:\WINDOWS\SYSTEM32\dbghelp.dll

VM Arguments:
jvm_args: -Dcom.sun.management.jmxremote -Dcom.sun.management.jmxremote.port=56751 -Dcom.sun.management.jmxremote.authenticate=false -Dcom.sun.management.jmxremote.ssl=false -Djava.rmi.server.hostname=localhost -Dspring.application.admin.enabled=true -Xverify:none -XX:TieredStopAtLevel=1 -Dfile.encoding=UTF-8 
java_command: com.projectBoard.demo.ProjectBoardApplication --spring.output.ansi.enabled=always
java_class_path (initial): C:\Users\DELL\Desktop\ProjectBoardCourse\projectBoard\target\classes;C:\Users\DELL\.m2\repository\com\googlecode\json-simple\json-simple\1.1\json-simple-1.1.jar;C:\Users\DELL\.m2\repository\org\everit\json\org.everit.json.schema\1.0.0\org.everit.json.schema-1.0.0.jar;C:\Users\DELL\.m2\repository\org\everit\osgi\bundles\org.everit.osgi.bundles.org.json\1.0.0-v20140107\org.everit.osgi.bundles.org.json-1.0.0-v20140107.jar;C:\Users\DELL\.m2\repository\javax\xml\bind\jaxb-api\2.3.0\jaxb-api-2.3.0.jar;C:\Users\DELL\.m2\repository\commons-codec\commons-codec\1.12\commons-codec-1.12.jar;C:\Users\DELL\.m2\repository\org\springframework\boot\spring-boot-starter-web\2.2.0.M2\spring-boot-starter-web-2.2.0.M2.jar;C:\Users\DELL\.m2\repository\org\springframework\boot\spring-boot-starter-json\2.2.0.M2\spring-boot-starter-json-2.2.0.M2.jar;C:\Users\DELL\.m2\repository\org\springframework\boot\spring-boot-starter-validation\2.2.0.M2\spring-boot-starter-validation-2.2.0.M2.jar;C:\Users\DELL\.m2\repository\jakarta\validation\jakarta.validation-api\2.0.1\jakarta.validation-api-2.0.1.jar;C:\Users\DELL\.m2\repository\org\hibernate\validator\hibernate-validator\6.0.16.Final\hibernate-validator-6.0.16.Final.jar;C:\Users\DELL\.m2\repository\org\springframework\spring-web\5.2.0.M1\spring-web-5.2.0.M1.jar;C:\Users\DELL\.m2\repository\org\springframework\spring-webmvc\5.2.0.M1\spring-webmvc-5.2.0.M1.jar;C:\Users\DELL\.m2\repository\org\springframework\spring-aop\5.2.0.M1\spring-aop-5.2.0.M1.jar;C:\Users\DELL\.m2\repository\org\springframework\spring-expression\5.2.0.M1\spring-expression-5.2.0.M1.jar;C:\Users\DELL\.m2\repository\org\springframework\boot\spring-boot-starter-data-solr\2.2.0.M2\spring-boot-starter-data-solr-2.2.0.M2.jar;C:\Users\DELL\.m2\repository\org\apache\solr\solr-solrj\8.0.0\solr-solrj-8.0.0.jar;C:\Users\DELL\.m2\repository\org\apache\commons\commons-math3\3.6.1\commons-math3-3.6.1.jar;C:\Users\DELL\.m2\repository\org\apache\httpcomponents\httpcl
Launcher Type: SUN_STANDARD

Logging:
Log output configuration:
#0: stdout all=warning uptime,level,tags
#1: stderr all=off uptime,level,tags

Environment Variables:
JAVA_HOME=C:\Program Files\Java\jdk1.8.0_51
CLASSPATH=C:\Program Files\Java\jdk1.8.0_161\bin
PATH=C:/Program Files/Java/jre1.8.0_161/bin/server;C:/Program Files/Java/jre1.8.0_161/bin;C:/Program Files/Java/jre1.8.0_161/lib/amd64;C:\MinGW\bin;C:\MinGW\libexec\gcc\x86_64-w64-mingw32\7.3.0;C:\MinGW\libexec\gcc\x86_64-pc-mingw32\6.1.0;C:\app\Avinash\product\12.1.0\dbhome_2\bin;C:\ProgramData\Oracle\Java\javapath;c:\Program Files (x86)\Intel\iCLS Client\;c:\Program Files\Intel\iCLS Client\;C:\WINDOWS\system32;C:\WINDOWS;C:\WINDOWS\System32\Wbem;C:\WINDOWS\System32\WindowsPowerShell\v1.0\;C:\Program Files\Intel\Intel(R) Management Engine Components\DAL;C:\Program Files\Intel\Intel(R) Management Engine Components\IPT;C:\Program Files (x86)\Intel\Intel(R) Management Engine Components\DAL;C:\Program Files (x86)\Intel\Intel(R) Management Engine Components\IPT;c:\Program Files (x86)\ATI Technologies\ATI.ACE\Core-Static;C:\Program Files\Intel\WiFi\bin\;C:\Program Files\Common Files\Intel\WirelessCommon\;C:\Program Files\Java\jdk1.8.0_51\bin;C:\Program Files\Java\jdk1.8.0_101\bin;C:\Program Files\Java\jre1.8.0_101\bin;C:\Program Files\MySQL\MySQL Server 5.5\bin;%OPENCV_DIR%\bin;C:\Program Files\Git\cmd;C:\Program Files (x86)\Yarn\bin\;C:\PostgreSQL\pg11\bin;C:\Program Files\nodejs\;C:\Users\DELL\AppData\Local\Programs\Python\Python37-32\Scripts\;C:\Users\DELL\AppData\Local\Programs\Python\Python37-32\;C:\Program Files\Java\jdk1.8.0_161\bin;C:\Users\DELL\AppData\Local\Yarn\bin;C:\Users\DELL\AppData\Roaming\npm;C:\spring-tool-suite-4-4.0.0.RELEASE-e4.9.0-win32.win32.x86_64\sts-4.0.0.RELEASE;
USERNAME=Avinash
OS=Windows_NT
PROCESSOR_IDENTIFIER=Intel64 Family 6 Model 69 Stepping 1, GenuineIntel



---------------  S Y S T E M  ---------------

OS: Windows 8.1 , 64 bit Build 9600 (6.3.9600.19326)

CPU:total 4 (initial active 4) (2 cores per cpu, 2 threads per core) family 6 model 69 stepping 1, cmov, cx8, fxsr, mmx, sse, sse2, sse3, ssse3, sse4.1, sse4.2, popcnt, avx, avx2, aes, clmul, erms, lzcnt, ht, tsc, tscinvbit, bmi1, bmi2, fma

Memory: 4k page, physical 8266712k(1916672k free), swap 16655320k(6107228k free)

vm_info: Java HotSpot(TM) 64-Bit Server VM (9.0.4+11) for windows-amd64 JRE (9.0.4+11), built on Dec 20 2017 02:18:54 by "mach5one" with MS VC++ 12.0 (VS2013)

END.
