#
# A fatal error has been detected by the Java Runtime Environment:
#
#  EXCEPTION_ACCESS_VIOLATION (0xc0000005) at pc=0x000000006712b2e9, pid=4732, tid=8484
#
# JRE version: Java(TM) SE Runtime Environment (9.0+11) (build 9.0.4+11)
# Java VM: Java HotSpot(TM) 64-Bit Server VM (9.0.4+11, mixed mode, tiered, compressed oops, g1 gc, windows-amd64)
# Problematic frame:
# V  [jvm.dll+0x60b2e9]
#
# No core dump will be written. Minidumps are not enabled by default on client versions of Windows
#
# If you would like to submit a bug report, please visit:
#   http://bugreport.java.com/bugreport/crash.jsp
#

---------------  S U M M A R Y ------------

Command Line: -Dcom.sun.management.jmxremote -Dcom.sun.management.jmxremote.port=64434 -Dcom.sun.management.jmxremote.authenticate=false -Dcom.sun.management.jmxremote.ssl=false -Djava.rmi.server.hostname=localhost -Dspring.application.admin.enabled=true -Xverify:none -XX:TieredStopAtLevel=1 -Dfile.encoding=UTF-8 com.projectBoard.demo.ProjectBoardApplication --spring.output.ansi.enabled=always

Host: Intel(R) Core(TM) i5-4210U CPU @ 1.70GHz, 4 cores, 7G,  Windows 8.1 , 64 bit Build 9600 (6.3.9600.19326)
Time: Sat May 11 21:22:59 2019 India Standard Time elapsed time: 1 seconds (0d 0h 0m 1s)

---------------  T H R E A D  ---------------

Current thread (0x000000601340d800):  WatcherThread [stack: 0x0000006014670000,0x0000006014770000] [id=8484]

Stack: [0x0000006014670000,0x0000006014770000],  sp=0x000000601476f3a0,  free space=1020k
Native frames: (J=compiled Java code, j=interpreted, Vv=VM code, C=native code)
V  [jvm.dll+0x60b2e9]
V  [jvm.dll+0x64833d]
V  [jvm.dll+0x66a936]
V  [jvm.dll+0x586490]
C  [msvcr120.dll+0x24f7f]
C  [msvcr120.dll+0x25126]
C  [KERNEL32.DLL+0x13f2]
C  [ntdll.dll+0x154f4]


siginfo: EXCEPTION_ACCESS_VIOLATION (0xc0000005), reading address 0x0000000800000007


Register to memory mapping:

RIP=0x000000006712b2e9 jvm.dll
RAX=0x00000060133fc9d0 is an unknown value
RBX=0x0000000000000000 is an unknown value
RCX=0x0000000800000007 is an unknown value
RDX=0x0000000000000033 is an unknown value
RSP=0x000000601476f3a0 is an unknown value
RBP=0x0000000000000003 is an unknown value
RSI=0x00000060133fc920 is an unknown value
RDI=0x0000000000000000 is an unknown value
R8 =0x0000000000000031 is an unknown value
R9 =0x000000601242e200 is an unknown value
R10=0x0000000000000000 is an unknown value
R11=0x0000000000000287 is an unknown value
R12=0x0000000000000000 is an unknown value
R13=0x0000000000000000 is an unknown value
R14=0x0000000000000002 is an unknown value
R15=0x0000000000000000 is an unknown value


Registers:
RAX=0x00000060133fc9d0, RBX=0x0000000000000000, RCX=0x0000000800000007, RDX=0x0000000000000033
RSP=0x000000601476f3a0, RBP=0x0000000000000003, RSI=0x00000060133fc920, RDI=0x0000000000000000
R8 =0x0000000000000031, R9 =0x000000601242e200, R10=0x0000000000000000, R11=0x0000000000000287
R12=0x0000000000000000, R13=0x0000000000000000, R14=0x0000000000000002, R15=0x0000000000000000
RIP=0x000000006712b2e9, EFLAGS=0x0000000000010202

Top of Stack: (sp=0x000000601476f3a0)
0x000000601476f3a0:   0000000000000000 000000601340d800
0x000000601476f3b0:   0000006011102260 000000601476f720
0x000000601476f3c0:   0000000067497b28 000000006716833d
0x000000601476f3d0:   0000000000000001 0000006070c5f090
0x000000601476f3e0:   0000000000000000 0000000000000000
0x000000601476f3f0:   0000000000000000 0000000000000000
0x000000601476f400:   0000000000000002 000000006718a936
0x000000601476f410:   000000601476f720 0000006011102260
0x000000601476f420:   000000601340d800 0000000000000000
0x000000601476f430:   0000000000000000 00007ffebf5354c0
0x000000601476f440:   000000000000027f 0000000000000000
0x000000601476f450:   0000000000000000 0000ffff00001f80
0x000000601476f460:   0000000000000000 0000000000000000
0x000000601476f470:   0000006011102260 00000000670a6490
0x000000601476f480:   00000000000075a3 000000601340d800
0x000000601476f490:   0000000000000000 0000000000000000 

Instructions: (pc=0x000000006712b2e9)
0x000000006712b2c9:   20 48 8b 35 e7 79 36 00 33 db 48 8b 06 39 18 7e
0x000000006712b2d9:   26 48 89 7c 24 30 8b fb 48 8b 40 18 48 8b 0c 07
0x000000006712b2e9:   48 8b 01 ff 10 48 8b 06 ff c3 48 8d 7f 08 3b 18
0x000000006712b2f9:   7c e6 48 8b 7c 24 30 48 8b 5c 24 38 48 83 c4 20 



---------------  P R O C E S S  ---------------

Java Threads: ( => current thread )
  0x000000601340d000 JavaThread "RMI TCP Accept-0" daemon [_thread_in_native, id=10200, stack(0x0000006014570000,0x0000006014670000)]
  0x0000006013412000 JavaThread "RMI TCP Accept-64434" daemon [_thread_in_native, id=8368, stack(0x0000006014470000,0x0000006014570000)]
  0x00000060133f1000 JavaThread "RMI TCP Accept-0" daemon [_thread_in_native, id=7280, stack(0x0000006014370000,0x0000006014470000)]
  0x0000006012430800 JavaThread "Service Thread" daemon [_thread_blocked, id=7200, stack(0x0000006011ce0000,0x0000006011de0000)]
  0x00000060111e2000 JavaThread "Common-Cleaner" daemon [_thread_blocked, id=9084, stack(0x0000006011be0000,0x0000006011ce0000)]
  0x0000006011116000 JavaThread "Sweeper thread" daemon [_thread_blocked, id=1040, stack(0x0000006011ae0000,0x0000006011be0000)]
  0x0000006011112000 JavaThread "C1 CompilerThread2" daemon [_thread_blocked, id=1608, stack(0x00000060119e0000,0x0000006011ae0000)]
  0x0000006011111000 JavaThread "C1 CompilerThread1" daemon [_thread_blocked, id=5000, stack(0x00000060118e0000,0x00000060119e0000)]
  0x0000006011104800 JavaThread "C1 CompilerThread0" daemon [_thread_blocked, id=3020, stack(0x00000060117e0000,0x00000060118e0000)]
  0x00000060110f3000 JavaThread "Attach Listener" daemon [_thread_blocked, id=1800, stack(0x00000060116e0000,0x00000060117e0000)]
  0x00000060110f2000 JavaThread "Signal Dispatcher" daemon [_thread_blocked, id=8488, stack(0x00000060115e0000,0x00000060116e0000)]
  0x00000060110ec000 JavaThread "Finalizer" daemon [_thread_blocked, id=8136, stack(0x0000006011400000,0x0000006011500000)]
  0x00000060110e2000 JavaThread "Reference Handler" daemon [_thread_blocked, id=2708, stack(0x0000006011300000,0x0000006011400000)]
  0x0000006070c60000 JavaThread "main" [_thread_in_vm, id=2956, stack(0x00000060724c0000,0x00000060725c0000)]

Other Threads:
  0x00000060110b5800 VMThread "VM Thread" [stack: 0x0000006011200000,0x0000006011300000] [id=1304]
=>0x000000601340d800 WatcherThread [stack: 0x0000006014670000,0x0000006014770000] [id=8484]
  0x0000006070c78800 GCTaskThread "GC Thread#0" [stack: 0x0000006079310000,0x0000006079410000] [id=9424]
  0x0000006070c7a000 GCTaskThread "GC Thread#1" [stack: 0x0000006079410000,0x0000006079510000] [id=8316]
  0x0000006070c7c000 GCTaskThread "GC Thread#2" [stack: 0x0000006079510000,0x0000006079610000] [id=7136]
  0x0000006070c7f000 GCTaskThread "GC Thread#3" [stack: 0x0000006079610000,0x0000006079710000] [id=1312]
  0x0000006070cf8800 ConcurrentGCThread "G1 Main Marker" [stack: 0x000000607f000000,0x000000607f100000] [id=1672]
  0x0000006070cf9800 ConcurrentGCThread "G1 Marker#0" [stack: 0x000000607f100000,0x000000607f200000] [id=980]
  0x0000006070c8d800 ConcurrentGCThread "G1 Refine#0" [stack: 0x0000006079e50000,0x0000006079f50000] [id=6148]
  0x0000006070c8c800 ConcurrentGCThread "G1 Refine#1" [stack: 0x0000006079d50000,0x0000006079e50000] [id=3812]
  0x0000006070c89800 ConcurrentGCThread "G1 Refine#2" [stack: 0x0000006079c50000,0x0000006079d50000] [id=6552]
  0x0000006070c89000 ConcurrentGCThread "G1 Refine#3" [stack: 0x0000006079b50000,0x0000006079c50000] [id=6428]
  0x0000006070c8f800 ConcurrentGCThread "G1 Young RemSet Sampling" [stack: 0x0000006079f50000,0x000000607a050000] [id=9512]

Threads with active compile tasks:

VM state:not at safepoint (normal execution)

VM Mutex/Monitor currently owned by a thread:  ([mutex/lock_event])
[0x0000006070c5f090] PeriodicTask_lock - owner thread: 0x000000601340d800

Heap address: 0x0000000081c00000, size: 2020 MB, Compressed Oops mode: 32-bit
Narrow klass base: 0x0000000000000000, Narrow klass shift: 3
Compressed class space size: 1073741824 Address: 0x0000000100000000

Heap:
 garbage-first heap   total 131072K, used 28085K [0x0000000081c00000, 0x0000000081d00400, 0x0000000100000000)
  region size 1024K, 9 young (9216K), 2 survivors (2048K)
 Metaspace       used 12361K, capacity 12890K, committed 13056K, reserved 1060864K
  class space    used 1535K, capacity 1683K, committed 1792K, reserved 1048576K
Heap Regions: E=young(eden), S=young(survivor), O=old, HS=humongous(starts), HC=humongous(continues), CS=collection set, F=free, A=archive, TS=gc time stamp, AC=allocation context, TAMS=top-at-mark-start (previous, next)
|   0|0x0000000081c00000, 0x0000000081d00000, 0x0000000081d00000|100%|HS|  |TS  0|AC  0|TAMS 0x0000000081c00000, 0x0000000081c00000|
|   1|0x0000000081d00000, 0x0000000081e00000, 0x0000000081e00000|100%| O|  |TS  1|AC  0|TAMS 0x0000000081d00000, 0x0000000081d00000|
|   2|0x0000000081e00000, 0x0000000081f00000, 0x0000000081f00000|100%| O|  |TS  1|AC  0|TAMS 0x0000000081e00000, 0x0000000081e00000|
|   3|0x0000000081f00000, 0x0000000082000000, 0x0000000082000000|100%| O|  |TS  1|AC  0|TAMS 0x0000000081f00000, 0x0000000081f00000|
|   4|0x0000000082000000, 0x0000000082100000, 0x0000000082100000|100%| O|  |TS  1|AC  0|TAMS 0x0000000082000000, 0x0000000082000000|
|   5|0x0000000082100000, 0x0000000082200000, 0x0000000082200000|100%| O|  |TS  1|AC  0|TAMS 0x0000000082100000, 0x0000000082100000|
|   6|0x0000000082200000, 0x0000000082300000, 0x0000000082300000|100%| O|  |TS  1|AC  0|TAMS 0x0000000082200000, 0x0000000082200000|
|   7|0x0000000082300000, 0x0000000082400000, 0x0000000082400000|100%| O|  |TS  3|AC  0|TAMS 0x0000000082300000, 0x0000000082300000|
|   8|0x0000000082400000, 0x0000000082500000, 0x0000000082500000|100%|HS|  |TS  0|AC  0|TAMS 0x0000000082400000, 0x0000000082400000|
|   9|0x0000000082500000, 0x0000000082600000, 0x0000000082600000|100%| O|  |TS  3|AC  0|TAMS 0x0000000082500000, 0x0000000082500000|
|  10|0x0000000082600000, 0x0000000082700000, 0x0000000082700000|100%| O|  |TS  3|AC  0|TAMS 0x0000000082600000, 0x0000000082600000|
|  11|0x0000000082700000, 0x0000000082800000, 0x0000000082800000|100%| O|  |TS  3|AC  0|TAMS 0x0000000082700000, 0x0000000082700000|
|  12|0x0000000082800000, 0x0000000082900000, 0x0000000082900000|100%| O|  |TS  3|AC  0|TAMS 0x0000000082800000, 0x0000000082800000|
|  13|0x0000000082900000, 0x0000000082a00000, 0x0000000082a00000|100%| O|  |TS  3|AC  0|TAMS 0x0000000082900000, 0x0000000082900000|
|  14|0x0000000082a00000, 0x0000000082b00000, 0x0000000082b00000|100%| O|  |TS  3|AC  0|TAMS 0x0000000082a00000, 0x0000000082a00000|
|  15|0x0000000082b00000, 0x0000000082c00000, 0x0000000082c00000|100%| O|  |TS  5|AC  0|TAMS 0x0000000082b00000, 0x0000000082b00000|
|  16|0x0000000082c00000, 0x0000000082d00000, 0x0000000082d00000|100%| O|  |TS  5|AC  0|TAMS 0x0000000082c00000, 0x0000000082c00000|
|  17|0x0000000082d00000, 0x0000000082e00000, 0x0000000082e00000|100%| O|  |TS  7|AC  0|TAMS 0x0000000082d00000, 0x0000000082d00000|
|  18|0x0000000082e00000, 0x0000000082f00000, 0x0000000082f00000|100%| O|  |TS  7|AC  0|TAMS 0x0000000082e00000, 0x0000000082e00000|
|  19|0x0000000082f00000, 0x0000000082fd8200, 0x0000000083000000| 84%| O|  |TS  7|AC  0|TAMS 0x0000000082f00000, 0x0000000082f00000|
|  20|0x0000000083000000, 0x0000000083000000, 0x0000000083100000|  0%| F|  |TS  0|AC  0|TAMS 0x0000000083000000, 0x0000000083000000|
|  21|0x0000000083100000, 0x0000000083100000, 0x0000000083200000|  0%| F|  |TS  0|AC  0|TAMS 0x0000000083100000, 0x0000000083100000|
|  22|0x0000000083200000, 0x0000000083200000, 0x0000000083300000|  0%| F|  |TS  0|AC  0|TAMS 0x0000000083200000, 0x0000000083200000|
|  23|0x0000000083300000, 0x0000000083300000, 0x0000000083400000|  0%| F|  |TS  0|AC  0|TAMS 0x0000000083300000, 0x0000000083300000|
|  24|0x0000000083400000, 0x0000000083400000, 0x0000000083500000|  0%| F|  |TS  0|AC  0|TAMS 0x0000000083400000, 0x0000000083400000|
|  25|0x0000000083500000, 0x0000000083500000, 0x0000000083600000|  0%| F|  |TS  0|AC  0|TAMS 0x0000000083500000, 0x0000000083500000|
|  26|0x0000000083600000, 0x0000000083600000, 0x0000000083700000|  0%| F|  |TS  0|AC  0|TAMS 0x0000000083600000, 0x0000000083600000|
|  27|0x0000000083700000, 0x0000000083700000, 0x0000000083800000|  0%| F|  |TS  0|AC  0|TAMS 0x0000000083700000, 0x0000000083700000|
|  28|0x0000000083800000, 0x0000000083800000, 0x0000000083900000|  0%| F|  |TS  0|AC  0|TAMS 0x0000000083800000, 0x0000000083800000|
|  29|0x0000000083900000, 0x0000000083900000, 0x0000000083a00000|  0%| F|  |TS  0|AC  0|TAMS 0x0000000083900000, 0x0000000083900000|
|  30|0x0000000083a00000, 0x0000000083a00000, 0x0000000083b00000|  0%| F|  |TS  0|AC  0|TAMS 0x0000000083a00000, 0x0000000083a00000|
|  31|0x0000000083b00000, 0x0000000083b00000, 0x0000000083c00000|  0%| F|  |TS  0|AC  0|TAMS 0x0000000083b00000, 0x0000000083b00000|
|  32|0x0000000083c00000, 0x0000000083c00000, 0x0000000083d00000|  0%| F|  |TS  0|AC  0|TAMS 0x0000000083c00000, 0x0000000083c00000|
|  33|0x0000000083d00000, 0x0000000083d00000, 0x0000000083e00000|  0%| F|  |TS  0|AC  0|TAMS 0x0000000083d00000, 0x0000000083d00000|
|  34|0x0000000083e00000, 0x0000000083e00000, 0x0000000083f00000|  0%| F|  |TS  0|AC  0|TAMS 0x0000000083e00000, 0x0000000083e00000|
|  35|0x0000000083f00000, 0x0000000083f00000, 0x0000000084000000|  0%| F|  |TS  0|AC  0|TAMS 0x0000000083f00000, 0x0000000083f00000|
|  36|0x0000000084000000, 0x0000000084000000, 0x0000000084100000|  0%| F|  |TS  0|AC  0|TAMS 0x0000000084000000, 0x0000000084000000|
|  37|0x0000000084100000, 0x0000000084100000, 0x0000000084200000|  0%| F|  |TS  0|AC  0|TAMS 0x0000000084100000, 0x0000000084100000|
|  38|0x0000000084200000, 0x0000000084200000, 0x0000000084300000|  0%| F|  |TS  0|AC  0|TAMS 0x0000000084200000, 0x0000000084200000|
|  39|0x0000000084300000, 0x0000000084300000, 0x0000000084400000|  0%| F|  |TS  0|AC  0|TAMS 0x0000000084300000, 0x0000000084300000|
|  40|0x0000000084400000, 0x0000000084400000, 0x0000000084500000|  0%| F|  |TS  0|AC  0|TAMS 0x0000000084400000, 0x0000000084400000|
|  41|0x0000000084500000, 0x0000000084500000, 0x0000000084600000|  0%| F|  |TS  0|AC  0|TAMS 0x0000000084500000, 0x0000000084500000|
|  42|0x0000000084600000, 0x0000000084600000, 0x0000000084700000|  0%| F|  |TS  0|AC  0|TAMS 0x0000000084600000, 0x0000000084600000|
|  43|0x0000000084700000, 0x0000000084700000, 0x0000000084800000|  0%| F|  |TS  0|AC  0|TAMS 0x0000000084700000, 0x0000000084700000|
|  44|0x0000000084800000, 0x0000000084800000, 0x0000000084900000|  0%| F|  |TS  0|AC  0|TAMS 0x0000000084800000, 0x0000000084800000|
|  45|0x0000000084900000, 0x0000000084900000, 0x0000000084a00000|  0%| F|  |TS  0|AC  0|TAMS 0x0000000084900000, 0x0000000084900000|
|  46|0x0000000084a00000, 0x0000000084a00000, 0x0000000084b00000|  0%| F|  |TS  0|AC  0|TAMS 0x0000000084a00000, 0x0000000084a00000|
|  47|0x0000000084b00000, 0x0000000084b00000, 0x0000000084c00000|  0%| F|  |TS  0|AC  0|TAMS 0x0000000084b00000, 0x0000000084b00000|
|  48|0x0000000084c00000, 0x0000000084c00000, 0x0000000084d00000|  0%| F|  |TS  0|AC  0|TAMS 0x0000000084c00000, 0x0000000084c00000|
|  49|0x0000000084d00000, 0x0000000084d00000, 0x0000000084e00000|  0%| F|  |TS  0|AC  0|TAMS 0x0000000084d00000, 0x0000000084d00000|
|  50|0x0000000084e00000, 0x0000000084e00000, 0x0000000084f00000|  0%| F|  |TS  0|AC  0|TAMS 0x0000000084e00000, 0x0000000084e00000|
|  51|0x0000000084f00000, 0x0000000084f00000, 0x0000000085000000|  0%| F|  |TS  0|AC  0|TAMS 0x0000000084f00000, 0x0000000084f00000|
|  52|0x0000000085000000, 0x0000000085000000, 0x0000000085100000|  0%| F|  |TS  0|AC  0|TAMS 0x0000000085000000, 0x0000000085000000|
|  53|0x0000000085100000, 0x0000000085100000, 0x0000000085200000|  0%| F|  |TS  0|AC  0|TAMS 0x0000000085100000, 0x0000000085100000|
|  54|0x0000000085200000, 0x0000000085200000, 0x0000000085300000|  0%| F|  |TS  0|AC  0|TAMS 0x0000000085200000, 0x0000000085200000|
|  55|0x0000000085300000, 0x0000000085300000, 0x0000000085400000|  0%| F|  |TS  0|AC  0|TAMS 0x0000000085300000, 0x0000000085300000|
|  56|0x0000000085400000, 0x0000000085400000, 0x0000000085500000|  0%| F|  |TS  0|AC  0|TAMS 0x0000000085400000, 0x0000000085400000|
|  57|0x0000000085500000, 0x0000000085500000, 0x0000000085600000|  0%| F|  |TS  0|AC  0|TAMS 0x0000000085500000, 0x0000000085500000|
|  58|0x0000000085600000, 0x0000000085600000, 0x0000000085700000|  0%| F|  |TS  0|AC  0|TAMS 0x0000000085600000, 0x0000000085600000|
|  59|0x0000000085700000, 0x0000000085700000, 0x0000000085800000|  0%| F|  |TS  0|AC  0|TAMS 0x0000000085700000, 0x0000000085700000|
|  60|0x0000000085800000, 0x0000000085800000, 0x0000000085900000|  0%| F|  |TS  0|AC  0|TAMS 0x0000000085800000, 0x0000000085800000|
|  61|0x0000000085900000, 0x0000000085900000, 0x0000000085a00000|  0%| F|  |TS  0|AC  0|TAMS 0x0000000085900000, 0x0000000085900000|
|  62|0x0000000085a00000, 0x0000000085a00000, 0x0000000085b00000|  0%| F|  |TS  0|AC  0|TAMS 0x0000000085a00000, 0x0000000085a00000|
|  63|0x0000000085b00000, 0x0000000085b00000, 0x0000000085c00000|  0%| F|  |TS  0|AC  0|TAMS 0x0000000085b00000, 0x0000000085b00000|
|  64|0x0000000085c00000, 0x0000000085c00000, 0x0000000085d00000|  0%| F|  |TS  0|AC  0|TAMS 0x0000000085c00000, 0x0000000085c00000|
|  65|0x0000000085d00000, 0x0000000085d00000, 0x0000000085e00000|  0%| F|  |TS  0|AC  0|TAMS 0x0000000085d00000, 0x0000000085d00000|
|  66|0x0000000085e00000, 0x0000000085e00000, 0x0000000085f00000|  0%| F|  |TS  0|AC  0|TAMS 0x0000000085e00000, 0x0000000085e00000|
|  67|0x0000000085f00000, 0x0000000085f00000, 0x0000000086000000|  0%| F|  |TS  0|AC  0|TAMS 0x0000000085f00000, 0x0000000085f00000|
|  68|0x0000000086000000, 0x0000000086000000, 0x0000000086100000|  0%| F|  |TS  0|AC  0|TAMS 0x0000000086000000, 0x0000000086000000|
|  69|0x0000000086100000, 0x0000000086100000, 0x0000000086200000|  0%| F|  |TS  0|AC  0|TAMS 0x0000000086100000, 0x0000000086100000|
|  70|0x0000000086200000, 0x0000000086200000, 0x0000000086300000|  0%| F|  |TS  0|AC  0|TAMS 0x0000000086200000, 0x0000000086200000|
|  71|0x0000000086300000, 0x0000000086300000, 0x0000000086400000|  0%| F|  |TS  0|AC  0|TAMS 0x0000000086300000, 0x0000000086300000|
|  72|0x0000000086400000, 0x0000000086400000, 0x0000000086500000|  0%| F|  |TS  0|AC  0|TAMS 0x0000000086400000, 0x0000000086400000|
|  73|0x0000000086500000, 0x0000000086500000, 0x0000000086600000|  0%| F|  |TS  0|AC  0|TAMS 0x0000000086500000, 0x0000000086500000|
|  74|0x0000000086600000, 0x0000000086600000, 0x0000000086700000|  0%| F|  |TS  0|AC  0|TAMS 0x0000000086600000, 0x0000000086600000|
|  75|0x0000000086700000, 0x0000000086700000, 0x0000000086800000|  0%| F|  |TS  0|AC  0|TAMS 0x0000000086700000, 0x0000000086700000|
|  76|0x0000000086800000, 0x0000000086800000, 0x0000000086900000|  0%| F|  |TS  0|AC  0|TAMS 0x0000000086800000, 0x0000000086800000|
|  77|0x0000000086900000, 0x0000000086900000, 0x0000000086a00000|  0%| F|  |TS  0|AC  0|TAMS 0x0000000086900000, 0x0000000086900000|
|  78|0x0000000086a00000, 0x0000000086a00000, 0x0000000086b00000|  0%| F|  |TS  0|AC  0|TAMS 0x0000000086a00000, 0x0000000086a00000|
|  79|0x0000000086b00000, 0x0000000086b00000, 0x0000000086c00000|  0%| F|  |TS  0|AC  0|TAMS 0x0000000086b00000, 0x0000000086b00000|
|  80|0x0000000086c00000, 0x0000000086c00000, 0x0000000086d00000|  0%| F|  |TS  0|AC  0|TAMS 0x0000000086c00000, 0x0000000086c00000|
|  81|0x0000000086d00000, 0x0000000086d00000, 0x0000000086e00000|  0%| F|  |TS  0|AC  0|TAMS 0x0000000086d00000, 0x0000000086d00000|
|  82|0x0000000086e00000, 0x0000000086e00000, 0x0000000086f00000|  0%| F|  |TS  0|AC  0|TAMS 0x0000000086e00000, 0x0000000086e00000|
|  83|0x0000000086f00000, 0x0000000086f00000, 0x0000000087000000|  0%| F|  |TS  0|AC  0|TAMS 0x0000000086f00000, 0x0000000086f00000|
|  84|0x0000000087000000, 0x0000000087000000, 0x0000000087100000|  0%| F|  |TS  0|AC  0|TAMS 0x0000000087000000, 0x0000000087000000|
|  85|0x0000000087100000, 0x0000000087100000, 0x0000000087200000|  0%| F|  |TS  0|AC  0|TAMS 0x0000000087100000, 0x0000000087100000|
|  86|0x0000000087200000, 0x0000000087200000, 0x0000000087300000|  0%| F|  |TS  0|AC  0|TAMS 0x0000000087200000, 0x0000000087200000|
|  87|0x0000000087300000, 0x0000000087300000, 0x0000000087400000|  0%| F|  |TS  0|AC  0|TAMS 0x0000000087300000, 0x0000000087300000|
|  88|0x0000000087400000, 0x0000000087400000, 0x0000000087500000|  0%| F|  |TS  0|AC  0|TAMS 0x0000000087400000, 0x0000000087400000|
|  89|0x0000000087500000, 0x0000000087500000, 0x0000000087600000|  0%| F|  |TS  0|AC  0|TAMS 0x0000000087500000, 0x0000000087500000|
|  90|0x0000000087600000, 0x0000000087600000, 0x0000000087700000|  0%| F|  |TS  0|AC  0|TAMS 0x0000000087600000, 0x0000000087600000|
|  91|0x0000000087700000, 0x0000000087700000, 0x0000000087800000|  0%| F|  |TS  0|AC  0|TAMS 0x0000000087700000, 0x0000000087700000|
|  92|0x0000000087800000, 0x0000000087800000, 0x0000000087900000|  0%| F|  |TS  0|AC  0|TAMS 0x0000000087800000, 0x0000000087800000|
|  93|0x0000000087900000, 0x0000000087900000, 0x0000000087a00000|  0%| F|  |TS  0|AC  0|TAMS 0x0000000087900000, 0x0000000087900000|
|  94|0x0000000087a00000, 0x0000000087a00000, 0x0000000087b00000|  0%| F|  |TS  0|AC  0|TAMS 0x0000000087a00000, 0x0000000087a00000|
|  95|0x0000000087b00000, 0x0000000087b00000, 0x0000000087c00000|  0%| F|  |TS  0|AC  0|TAMS 0x0000000087b00000, 0x0000000087b00000|
|  96|0x0000000087c00000, 0x0000000087c00000, 0x0000000087d00000|  0%| F|  |TS  0|AC  0|TAMS 0x0000000087c00000, 0x0000000087c00000|
|  97|0x0000000087d00000, 0x0000000087d00000, 0x0000000087e00000|  0%| F|  |TS  0|AC  0|TAMS 0x0000000087d00000, 0x0000000087d00000|
|  98|0x0000000087e00000, 0x0000000087e00000, 0x0000000087f00000|  0%| F|  |TS  0|AC  0|TAMS 0x0000000087e00000, 0x0000000087e00000|
|  99|0x0000000087f00000, 0x0000000087f955f0, 0x0000000088000000| 58%| S|CS|TS  7|AC  0|TAMS 0x0000000087f00000, 0x0000000087f00000|
| 100|0x0000000088000000, 0x0000000088100000, 0x0000000088100000|100%| S|CS|TS  7|AC  0|TAMS 0x0000000088000000, 0x0000000088000000|
| 101|0x0000000088100000, 0x0000000088100000, 0x0000000088200000|  0%| F|  |TS  7|AC  0|TAMS 0x0000000088100000, 0x0000000088100000|
| 102|0x0000000088200000, 0x0000000088200000, 0x0000000088300000|  0%| F|  |TS  7|AC  0|TAMS 0x0000000088200000, 0x0000000088200000|
| 103|0x0000000088300000, 0x0000000088300000, 0x0000000088400000|  0%| F|  |TS  7|AC  0|TAMS 0x0000000088300000, 0x0000000088300000|
| 104|0x0000000088400000, 0x0000000088400000, 0x0000000088500000|  0%| F|  |TS  7|AC  0|TAMS 0x0000000088400000, 0x0000000088400000|
| 105|0x0000000088500000, 0x0000000088500000, 0x0000000088600000|  0%| F|  |TS  7|AC  0|TAMS 0x0000000088500000, 0x0000000088500000|
| 106|0x0000000088600000, 0x0000000088600000, 0x0000000088700000|  0%| F|  |TS  7|AC  0|TAMS 0x0000000088600000, 0x0000000088600000|
| 107|0x0000000088700000, 0x0000000088700000, 0x0000000088800000|  0%| F|  |TS  7|AC  0|TAMS 0x0000000088700000, 0x0000000088700000|
| 108|0x0000000088800000, 0x0000000088800000, 0x0000000088900000|  0%| F|  |TS  7|AC  0|TAMS 0x0000000088800000, 0x0000000088800000|
| 109|0x0000000088900000, 0x0000000088900000, 0x0000000088a00000|  0%| F|  |TS  7|AC  0|TAMS 0x0000000088900000, 0x0000000088900000|
| 110|0x0000000088a00000, 0x0000000088a00000, 0x0000000088b00000|  0%| F|  |TS  7|AC  0|TAMS 0x0000000088a00000, 0x0000000088a00000|
| 111|0x0000000088b00000, 0x0000000088b00000, 0x0000000088c00000|  0%| F|  |TS  7|AC  0|TAMS 0x0000000088b00000, 0x0000000088b00000|
| 112|0x0000000088c00000, 0x0000000088c00000, 0x0000000088d00000|  0%| F|  |TS  7|AC  0|TAMS 0x0000000088c00000, 0x0000000088c00000|
| 113|0x0000000088d00000, 0x0000000088d00000, 0x0000000088e00000|  0%| F|  |TS  7|AC  0|TAMS 0x0000000088d00000, 0x0000000088d00000|
| 114|0x0000000088e00000, 0x0000000088e00000, 0x0000000088f00000|  0%| F|  |TS  7|AC  0|TAMS 0x0000000088e00000, 0x0000000088e00000|
| 115|0x0000000088f00000, 0x0000000088f00000, 0x0000000089000000|  0%| F|  |TS  7|AC  0|TAMS 0x0000000088f00000, 0x0000000088f00000|
| 116|0x0000000089000000, 0x0000000089000000, 0x0000000089100000|  0%| F|  |TS  7|AC  0|TAMS 0x0000000089000000, 0x0000000089000000|
| 117|0x0000000089100000, 0x0000000089100000, 0x0000000089200000|  0%| F|  |TS  7|AC  0|TAMS 0x0000000089100000, 0x0000000089100000|
| 118|0x0000000089200000, 0x0000000089200000, 0x0000000089300000|  0%| F|  |TS  7|AC  0|TAMS 0x0000000089200000, 0x0000000089200000|
| 119|0x0000000089300000, 0x0000000089300000, 0x0000000089400000|  0%| F|  |TS  7|AC  0|TAMS 0x0000000089300000, 0x0000000089300000|
| 120|0x0000000089400000, 0x0000000089480800, 0x0000000089500000| 50%| E|  |TS  7|AC  0|TAMS 0x0000000089400000, 0x0000000089400000|
| 121|0x0000000089500000, 0x0000000089600000, 0x0000000089600000|100%| E|CS|TS  7|AC  0|TAMS 0x0000000089500000, 0x0000000089500000|
| 122|0x0000000089600000, 0x0000000089700000, 0x0000000089700000|100%| E|CS|TS  7|AC  0|TAMS 0x0000000089600000, 0x0000000089600000|
| 123|0x0000000089700000, 0x0000000089800000, 0x0000000089800000|100%| E|CS|TS  7|AC  0|TAMS 0x0000000089700000, 0x0000000089700000|
| 124|0x0000000089800000, 0x0000000089900000, 0x0000000089900000|100%| E|CS|TS  7|AC  0|TAMS 0x0000000089800000, 0x0000000089800000|
| 125|0x0000000089900000, 0x0000000089a00000, 0x0000000089a00000|100%| E|CS|TS  7|AC  0|TAMS 0x0000000089900000, 0x0000000089900000|
| 126|0x0000000089a00000, 0x0000000089b00000, 0x0000000089b00000|100%| E|CS|TS  7|AC  0|TAMS 0x0000000089a00000, 0x0000000089a00000|
| 127|0x0000000089b00000, 0x0000000089c00000, 0x0000000089c00000|100%| E|CS|TS  7|AC  0|TAMS 0x0000000089b00000, 0x0000000089b00000|

Card table byte_map: [0x000000607a850000,0x000000607ac50000] byte_map_base: 0x000000607a442000

Marking Bits (Prev, Next): (CMBitMap*) 0x0000006070cf7ae0, (CMBitMap*) 0x0000006070cf7b18
 Prev Bits: [0x000000607b050000, 0x000000607cfe0000)
 Next Bits: [0x000000607cfe0000, 0x000000607ef70000)

Polling page: 0x0000006072480000

CodeHeap 'non-profiled nmethods': size=238912Kb used=2153Kb max_used=2153Kb free=236759Kb
 bounds [0x00000060006b0000, 0x0000006000920000, 0x000000600f000000]
CodeHeap 'non-nmethods': size=6848Kb used=2378Kb max_used=2378Kb free=4470Kb
 bounds [0x0000006000000000, 0x0000006000270000, 0x00000060006b0000]
 total_blobs=1885 nmethods=1458 adapters=335
 compilation: enabled

Compilation events (10 events):
Event: 1.519 Thread 0x0000006011104800 1345  s    1       jdk.internal.loader.Resource::cachedInputStream (20 bytes)
Event: 1.519 Thread 0x0000006011112000 1344       1       java.util.jar.Manifest::getMainAttributes (5 bytes)
Event: 1.520 Thread 0x0000006011112000 nmethod 1344 0x0000006000896090 code [0x0000006000896240, 0x0000006000896358]
Event: 1.520 Thread 0x0000006011111000 1346       1       java.security.CodeSource::getCertificates (98 bytes)
Event: 1.520 Thread 0x0000006011104800 nmethod 1345 0x0000006000896410 code [0x00000060008965c0, 0x00000060008968d0]
Event: 1.520 Thread 0x0000006011112000 1347       1       java.util.jar.Manifest::getEntries (5 bytes)
Event: 1.520 Thread 0x0000006011112000 nmethod 1347 0x0000006000896990 code [0x0000006000896b40, 0x0000006000896c58]
Event: 1.520 Thread 0x0000006011104800 1348       1       java.util.jar.JarFile::access$400 (5 bytes)
Event: 1.520 Thread 0x0000006011104800 nmethod 1348 0x0000006000896d10 code [0x0000006000896ec0, 0x0000006000896fb8]
Event: 1.520 Thread 0x0000006011111000 nmethod 1346 0x0000006000897090 code [0x00000060008972a0, 0x0000006000897780]

GC Heap History (6 events):
Event: 0.788 GC heap before
{Heap before GC invocations=0 (full 0):
 garbage-first heap   total 131072K, used 15360K [0x0000000081c00000, 0x0000000081d00400, 0x0000000100000000)
  region size 1024K, 14 young (14336K), 0 survivors (0K)
 Metaspace       used 5000K, capacity 5034K, committed 5248K, reserved 1056768K
  class space    used 498K, capacity 527K, committed 640K, reserved 1048576K
}
Event: 0.794 GC heap after
{Heap after GC invocations=1 (full 0):
 garbage-first heap   total 131072K, used 9689K [0x0000000081c00000, 0x0000000081d00400, 0x0000000100000000)
  region size 1024K, 2 young (2048K), 2 survivors (2048K)
 Metaspace       used 5000K, capacity 5034K, committed 5248K, reserved 1056768K
  class space    used 498K, capacity 527K, committed 640K, reserved 1048576K
}
Event: 0.883 GC heap before
{Heap before GC invocations=1 (full 0):
 garbage-first heap   total 131072K, used 18905K [0x0000000081c00000, 0x0000000081d00400, 0x0000000100000000)
  region size 1024K, 10 young (10240K), 2 survivors (2048K)
 Metaspace       used 5005K, capacity 5098K, committed 5248K, reserved 1056768K
  class space    used 498K, capacity 527K, committed 640K, reserved 1048576K
}
Event: 0.889 GC heap after
{Heap after GC invocations=2 (full 0):
 garbage-first heap   total 131072K, used 18081K [0x0000000081c00000, 0x0000000081d00400, 0x0000000100000000)
  region size 1024K, 2 young (2048K), 2 survivors (2048K)
 Metaspace       used 5005K, capacity 5098K, committed 5248K, reserved 1056768K
  class space    used 498K, capacity 527K, committed 640K, reserved 1048576K
}
Event: 1.468 GC heap before
{Heap before GC invocations=2 (full 0):
 garbage-first heap   total 131072K, used 34465K [0x0000000081c00000, 0x0000000081d00400, 0x0000000100000000)
  region size 1024K, 18 young (18432K), 2 survivors (2048K)
 Metaspace       used 10737K, capacity 11260K, committed 11520K, reserved 1058816K
  class space    used 1291K, capacity 1420K, committed 1536K, reserved 1048576K
}
Event: 1.473 GC heap after
{Heap after GC invocations=3 (full 0):
 garbage-first heap   total 131072K, used 20772K [0x0000000081c00000, 0x0000000081d00400, 0x0000000100000000)
  region size 1024K, 3 young (3072K), 3 survivors (3072K)
 Metaspace       used 10737K, capacity 11260K, committed 11520K, reserved 1058816K
  class space    used 1291K, capacity 1420K, committed 1536K, reserved 1048576K
}

Deoptimization events (0 events):
No events

Classes redefined (0 events):
No events

Internal exceptions (10 events):
Event: 1.116 Thread 0x0000006070c60000 Exception <a 'java/lang/NoSuchMethodError'{0x000000008968fc38}: java.lang.invoke.DirectMethodHandle$Holder.invokeStaticInit(Ljava/lang/Object;IIII)Ljava/lang/Object;> (0x000000008968fc38) thrown at [t:/workspace/hotspot/src/share/vm/interpreter/linkResolv
Event: 1.336 Thread 0x0000006070c60000 Exception <a 'java/lang/NoSuchMethodError'{0x00000000896e1b40}: java.lang.invoke.DirectMethodHandle$Holder.invokeStatic(Ljava/lang/Object;Ljava/lang/Object;IIII)Ljava/lang/Object;> (0x00000000896e1b40) thrown at [t:/workspace/hotspot/src/share/vm/interpre
Event: 1.336 Thread 0x0000006070c60000 Exception <a 'java/lang/NoSuchMethodError'{0x00000000896e4ff8}: java.lang.invoke.DirectMethodHandle$Holder.invokeStaticInit(Ljava/lang/Object;Ljava/lang/Object;IIII)Ljava/lang/Object;> (0x00000000896e4ff8) thrown at [t:/workspace/hotspot/src/share/vm/inte
Event: 1.345 Thread 0x0000006070c60000 Exception <a 'java/lang/ClassNotFoundException'{0x0000000089505428}: javax/management/remote/rmi/RMIServerImpl_Skel> (0x0000000089505428) thrown at [t:/workspace/hotspot/src/share/vm/classfile/systemDictionary.cpp, line 218]
Event: 1.367 Thread 0x0000006070c60000 Exception <a 'java/lang/NoSuchMethodError'{0x0000000089588468}: java.lang.Object.lambda$union$2(Ljava/util/regex/Pattern$CharPredicate;I)Z> (0x0000000089588468) thrown at [t:/workspace/hotspot/src/share/vm/interpreter/linkResolver.cpp, line 731]
Event: 1.371 Thread 0x0000006070c60000 Exception <a 'java/lang/ClassNotFoundException'{0x0000000089590758}: jdk/internal/agent/resources/spi/agentProvider> (0x0000000089590758) thrown at [t:/workspace/hotspot/src/share/vm/classfile/systemDictionary.cpp, line 218]
Event: 1.379 Thread 0x0000006070c60000 Exception <a 'java/lang/NoSuchMethodError'{0x00000000895f4788}: java.lang.invoke.DirectMethodHandle$Holder.invokeStatic(Ljava/lang/Object;Ljava/lang/Object;Ljava/lang/Object;Ljava/lang/Object;Ljava/lang/Object;Ljava/lang/Object;Ljava/lang/Object;Ljava/lan
Event: 1.380 Thread 0x0000006070c60000 Exception <a 'java/lang/NoSuchMethodError'{0x00000000894036b8}: java.lang.invoke.DirectMethodHandle$Holder.invokeStatic(Ljava/lang/Object;Ljava/lang/Object;Ljava/lang/Object;Ljava/lang/Object;Ljava/lang/Object;Ljava/lang/Object;Ljava/lang/Object;Ljava/lan
Event: 1.381 Thread 0x0000006070c60000 Exception <a 'java/lang/NoSuchMethodError'{0x0000000089412628}: method resolution failed> (0x0000000089412628) thrown at [t:/workspace/hotspot/src/share/vm/prims/methodHandles.cpp, line 1256]
Event: 1.382 Thread 0x0000006070c60000 Exception <a 'java/lang/NoSuchMethodError'{0x0000000089421490}: method resolution failed> (0x0000000089421490) thrown at [t:/workspace/hotspot/src/share/vm/prims/methodHandles.cpp, line 1256]

Events (10 events):
Event: 1.520 loading class org/apache/logging/log4j/core/config/AppenderControlArraySet
Event: 1.520 loading class org/apache/logging/log4j/core/config/AppenderControlArraySet done
Event: 1.520 loading class org/apache/logging/log4j/core/config/AppenderControl
Event: 1.520 loading class org/apache/logging/log4j/core/config/AppenderControl done
Event: 1.521 loading class org/apache/logging/log4j/core/config/DefaultReliabilityStrategy
Event: 1.521 loading class org/apache/logging/log4j/core/config/DefaultReliabilityStrategy done
Event: 1.521 loading class org/apache/logging/log4j/core/config/ReliabilityStrategy
Event: 1.521 loading class org/apache/logging/log4j/core/config/ReliabilityStrategy done
Event: 1.522 loading class org/apache/logging/log4j/core/config/ConfigurationScheduler
Event: 1.522 loading class org/apache/logging/log4j/core/config/ConfigurationScheduler done


Dynamic libraries:
0x00007ff77fcb0000 - 0x00007ff77fcee000 	C:\Program Files\Java\jre-9.0.4\bin\javaw.exe
0x00007ffebf520000 - 0x00007ffebf6cd000 	C:\WINDOWS\SYSTEM32\ntdll.dll
0x00007ffebee80000 - 0x00007ffebefbf000 	C:\WINDOWS\system32\KERNEL32.DLL
0x00007ffebca90000 - 0x00007ffebcba6000 	C:\WINDOWS\system32\KERNELBASE.dll
0x00007ffebe0f0000 - 0x00007ffebe19a000 	C:\WINDOWS\system32\ADVAPI32.dll
0x00007ffebe430000 - 0x00007ffebe5a7000 	C:\WINDOWS\system32\USER32.dll
0x00007ffeba720000 - 0x00007ffeba99b000 	C:\WINDOWS\WinSxS\amd64_microsoft.windows.common-controls_6595b64144ccf1df_6.0.9600.19291_none_6248a9f3ecb5e89b\COMCTL32.dll
0x00007ffeb7010000 - 0x00007ffeb701a000 	C:\WINDOWS\SYSTEM32\VERSION.dll
0x00007ffebe260000 - 0x00007ffebe30a000 	C:\WINDOWS\system32\msvcrt.dll
0x00007ffebebd0000 - 0x00007ffebec29000 	C:\WINDOWS\SYSTEM32\sechost.dll
0x00007ffebe5b0000 - 0x00007ffebe6f0000 	C:\WINDOWS\system32\RPCRT4.dll
0x00007ffebec30000 - 0x00007ffebed7c000 	C:\WINDOWS\system32\GDI32.dll
0x00007ffebc720000 - 0x00007ffebc74e000 	C:\WINDOWS\system32\SspiCli.dll
0x00007ffebed80000 - 0x00007ffebedb6000 	C:\WINDOWS\system32\IMM32.DLL
0x00007ffebe8b0000 - 0x00007ffebea01000 	C:\WINDOWS\system32\MSCTF.dll
0x00007ffea3c10000 - 0x00007ffea3cff000 	C:\Program Files\Java\jre-9.0.4\bin\msvcr120.dll
0x00007ffe87c10000 - 0x00007ffe87cb6000 	C:\Program Files\Java\jre-9.0.4\bin\msvcp120.dll
0x0000000066b20000 - 0x0000000067545000 	C:\Program Files\Java\jre-9.0.4\bin\server\jvm.dll
0x00007ffeb3040000 - 0x00007ffeb3049000 	C:\WINDOWS\SYSTEM32\WSOCK32.dll
0x00007ffeb7100000 - 0x00007ffeb7122000 	C:\WINDOWS\SYSTEM32\WINMM.dll
0x00007ffebf320000 - 0x00007ffebf327000 	C:\WINDOWS\system32\PSAPI.DLL
0x00007ffebe310000 - 0x00007ffebe36a000 	C:\WINDOWS\system32\WS2_32.dll
0x00007ffeb70d0000 - 0x00007ffeb70fa000 	C:\WINDOWS\SYSTEM32\WINMMBASE.dll
0x00007ffebe0e0000 - 0x00007ffebe0e9000 	C:\WINDOWS\system32\NSI.dll
0x00007ffebca40000 - 0x00007ffebca8f000 	C:\WINDOWS\SYSTEM32\cfgmgr32.dll
0x00007ffebb450000 - 0x00007ffebb478000 	C:\WINDOWS\SYSTEM32\DEVOBJ.dll
0x00007ffeb6420000 - 0x00007ffeb642f000 	C:\Program Files\Java\jre-9.0.4\bin\verify.dll
0x00007ffea9d30000 - 0x00007ffea9d57000 	C:\Program Files\Java\jre-9.0.4\bin\java.dll
0x00007ffeb47a0000 - 0x00007ffeb47b6000 	C:\Program Files\Java\jre-9.0.4\bin\zip.dll
0x00007ffeb6410000 - 0x00007ffeb641a000 	C:\Program Files\Java\jre-9.0.4\bin\jimage.dll
0x00007ffebcbb0000 - 0x00007ffebe0db000 	C:\WINDOWS\system32\SHELL32.dll
0x00007ffebf0a0000 - 0x00007ffebf2b0000 	C:\WINDOWS\SYSTEM32\combase.dll
0x00007ffebe370000 - 0x00007ffebe3c4000 	C:\WINDOWS\system32\SHLWAPI.dll
0x00007ffebac20000 - 0x00007ffebacd2000 	C:\WINDOWS\SYSTEM32\SHCORE.dll
0x00007ffebc650000 - 0x00007ffebc665000 	C:\WINDOWS\SYSTEM32\profapi.dll
0x00007ffeb44a0000 - 0x00007ffeb44ba000 	C:\Program Files\Java\jre-9.0.4\bin\net.dll
0x00007ffeb2c40000 - 0x00007ffeb2d09000 	C:\WINDOWS\SYSTEM32\WINHTTP.dll
0x00007ffebb6d0000 - 0x00007ffebb6f0000 	C:\WINDOWS\system32\PrxerDrv.dll
0x00007ffebbe80000 - 0x00007ffebbed9000 	C:\WINDOWS\system32\mswsock.dll
0x00007ffeb43b0000 - 0x00007ffeb43c1000 	C:\Program Files\Java\jre-9.0.4\bin\nio.dll
0x00007ffeb6350000 - 0x00007ffeb6359000 	C:\Program Files\Java\jre-9.0.4\bin\management.dll
0x00007ffeb4420000 - 0x00007ffeb442a000 	C:\Program Files\Java\jre-9.0.4\bin\management_ext.dll
0x00007ffeac9a0000 - 0x00007ffeac9bc000 	C:\WINDOWS\system32\PrxerNsp.dll
0x00007ffebbc80000 - 0x00007ffebbd24000 	C:\WINDOWS\SYSTEM32\DNSAPI.dll
0x00007ffeac940000 - 0x00007ffeac955000 	C:\WINDOWS\system32\napinsp.dll
0x00007ffeac920000 - 0x00007ffeac93a000 	C:\WINDOWS\system32\pnrpnsp.dll
0x00007ffeb97e0000 - 0x00007ffeb97fb000 	C:\WINDOWS\system32\NLAapi.dll
0x00007ffeac910000 - 0x00007ffeac91d000 	C:\WINDOWS\System32\winrnr.dll
0x00007ffeac8f0000 - 0x00007ffeac904000 	C:\WINDOWS\system32\wshbth.dll
0x00007ffeac960000 - 0x00007ffeac96a000 	C:\Windows\System32\rasadhlp.dll
0x00007ffeb9020000 - 0x00007ffeb904a000 	C:\WINDOWS\SYSTEM32\IPHLPAPI.DLL
0x00007ffeb8f80000 - 0x00007ffeb8f8a000 	C:\WINDOWS\SYSTEM32\WINNSI.DLL
0x00007ffeb69a0000 - 0x00007ffeb6a0b000 	C:\WINDOWS\System32\fwpuclnt.dll
0x00007ffebbee0000 - 0x00007ffebbf00000 	C:\WINDOWS\SYSTEM32\CRYPTSP.dll
0x00007ffebbb00000 - 0x00007ffebbb36000 	C:\WINDOWS\system32\rsaenh.dll
0x00007ffebc130000 - 0x00007ffebc156000 	C:\WINDOWS\SYSTEM32\bcrypt.dll
0x00007ffebbc10000 - 0x00007ffebbc31000 	C:\WINDOWS\SYSTEM32\USERENV.dll
0x00007ffebc4b0000 - 0x00007ffebc513000 	C:\WINDOWS\system32\bcryptprimitives.dll
0x00007ffebc520000 - 0x00007ffebc52b000 	C:\WINDOWS\SYSTEM32\CRYPTBASE.dll
0x00007ffeb7050000 - 0x00007ffeb7066000 	C:\WINDOWS\SYSTEM32\dhcpcsvc6.DLL
0x00007ffeb6ab0000 - 0x00007ffeb6aca000 	C:\WINDOWS\SYSTEM32\dhcpcsvc.DLL
0x00007ffeac600000 - 0x00007ffeac789000 	C:\WINDOWS\SYSTEM32\dbghelp.dll

VM Arguments:
jvm_args: -Dcom.sun.management.jmxremote -Dcom.sun.management.jmxremote.port=64434 -Dcom.sun.management.jmxremote.authenticate=false -Dcom.sun.management.jmxremote.ssl=false -Djava.rmi.server.hostname=localhost -Dspring.application.admin.enabled=true -Xverify:none -XX:TieredStopAtLevel=1 -Dfile.encoding=UTF-8 
java_command: com.projectBoard.demo.ProjectBoardApplication --spring.output.ansi.enabled=always
java_class_path (initial): C:\Users\DELL\Desktop\ProjectBoardCourse\projectBoard\target\classes;C:\Users\DELL\.m2\repository\javax\xml\bind\jaxb-api\2.3.0\jaxb-api-2.3.0.jar;C:\Users\DELL\.m2\repository\commons-codec\commons-codec\1.12\commons-codec-1.12.jar;C:\Users\DELL\.m2\repository\org\springframework\boot\spring-boot-starter-web\2.2.0.M2\spring-boot-starter-web-2.2.0.M2.jar;C:\Users\DELL\.m2\repository\org\springframework\boot\spring-boot-starter-json\2.2.0.M2\spring-boot-starter-json-2.2.0.M2.jar;C:\Users\DELL\.m2\repository\org\springframework\boot\spring-boot-starter-validation\2.2.0.M2\spring-boot-starter-validation-2.2.0.M2.jar;C:\Users\DELL\.m2\repository\jakarta\validation\jakarta.validation-api\2.0.1\jakarta.validation-api-2.0.1.jar;C:\Users\DELL\.m2\repository\org\hibernate\validator\hibernate-validator\6.0.16.Final\hibernate-validator-6.0.16.Final.jar;C:\Users\DELL\.m2\repository\org\springframework\spring-web\5.2.0.M1\spring-web-5.2.0.M1.jar;C:\Users\DELL\.m2\repository\org\springframework\spring-webmvc\5.2.0.M1\spring-webmvc-5.2.0.M1.jar;C:\Users\DELL\.m2\repository\org\springframework\spring-aop\5.2.0.M1\spring-aop-5.2.0.M1.jar;C:\Users\DELL\.m2\repository\org\springframework\spring-expression\5.2.0.M1\spring-expression-5.2.0.M1.jar;C:\Users\DELL\.m2\repository\org\springframework\boot\spring-boot-starter-data-solr\2.2.0.M2\spring-boot-starter-data-solr-2.2.0.M2.jar;C:\Users\DELL\.m2\repository\org\apache\solr\solr-solrj\8.0.0\solr-solrj-8.0.0.jar;C:\Users\DELL\.m2\repository\org\apache\commons\commons-math3\3.6.1\commons-math3-3.6.1.jar;C:\Users\DELL\.m2\repository\org\apache\httpcomponents\httpclient\4.5.8\httpclient-4.5.8.jar;C:\Users\DELL\.m2\repository\org\apache\httpcomponents\httpcore\4.4.11\httpcore-4.4.11.jar;C:\Users\DELL\.m2\repository\org\apache\zookeeper\zookeeper\3.4.13\zookeeper-3.4.13.jar;C:\Users\DELL\.m2\repository\org\codehaus\woodstox\stax2-api\3.1.4\stax2-api-3.1.4.jar;C:\Users\DELL\.m2\repository\org\codehaus\woodstox\woods
Launcher Type: SUN_STANDARD

Logging:
Log output configuration:
#0: stdout all=warning uptime,level,tags
#1: stderr all=off uptime,level,tags

Environment Variables:
JAVA_HOME=C:\Program Files\Java\jdk1.8.0_51
CLASSPATH=C:\Program Files\Java\jdk1.8.0_161\bin
PATH=C:/Program Files/Java/jre1.8.0_161/bin/server;C:/Program Files/Java/jre1.8.0_161/bin;C:/Program Files/Java/jre1.8.0_161/lib/amd64;C:\MinGW\bin;C:\MinGW\libexec\gcc\x86_64-w64-mingw32\7.3.0;C:\MinGW\libexec\gcc\x86_64-pc-mingw32\6.1.0;C:\app\Avinash\product\12.1.0\dbhome_2\bin;C:\ProgramData\Oracle\Java\javapath;c:\Program Files (x86)\Intel\iCLS Client\;c:\Program Files\Intel\iCLS Client\;C:\WINDOWS\system32;C:\WINDOWS;C:\WINDOWS\System32\Wbem;C:\WINDOWS\System32\WindowsPowerShell\v1.0\;C:\Program Files\Intel\Intel(R) Management Engine Components\DAL;C:\Program Files\Intel\Intel(R) Management Engine Components\IPT;C:\Program Files (x86)\Intel\Intel(R) Management Engine Components\DAL;C:\Program Files (x86)\Intel\Intel(R) Management Engine Components\IPT;c:\Program Files (x86)\ATI Technologies\ATI.ACE\Core-Static;C:\Program Files\Intel\WiFi\bin\;C:\Program Files\Common Files\Intel\WirelessCommon\;C:\Program Files\Java\jdk1.8.0_51\bin;C:\Program Files\Java\jdk1.8.0_101\bin;C:\Program Files\Java\jre1.8.0_101\bin;C:\Program Files\MySQL\MySQL Server 5.5\bin;%OPENCV_DIR%\bin;C:\Program Files\Git\cmd;C:\Program Files (x86)\Yarn\bin\;C:\PostgreSQL\pg11\bin;C:\Program Files\nodejs\;C:\Users\DELL\AppData\Local\Programs\Python\Python37-32\Scripts\;C:\Users\DELL\AppData\Local\Programs\Python\Python37-32\;C:\Program Files\Java\jdk1.8.0_161\bin;C:\Users\DELL\AppData\Local\Yarn\bin;C:\Users\DELL\AppData\Roaming\npm;C:\spring-tool-suite-4-4.0.0.RELEASE-e4.9.0-win32.win32.x86_64\sts-4.0.0.RELEASE;
USERNAME=Avinash
OS=Windows_NT
PROCESSOR_IDENTIFIER=Intel64 Family 6 Model 69 Stepping 1, GenuineIntel



---------------  S Y S T E M  ---------------

OS: Windows 8.1 , 64 bit Build 9600 (6.3.9600.19326)

CPU:total 4 (initial active 4) (2 cores per cpu, 2 threads per core) family 6 model 69 stepping 1, cmov, cx8, fxsr, mmx, sse, sse2, sse3, ssse3, sse4.1, sse4.2, popcnt, avx, avx2, aes, clmul, erms, lzcnt, ht, tsc, tscinvbit, bmi1, bmi2, fma

Memory: 4k page, physical 8266712k(1841096k free), swap 16655320k(5069748k free)

vm_info: Java HotSpot(TM) 64-Bit Server VM (9.0.4+11) for windows-amd64 JRE (9.0.4+11), built on Dec 20 2017 02:18:54 by "mach5one" with MS VC++ 12.0 (VS2013)

END.
